NBA 3-D (c) 1998 Midway - Basketball Crowds (03/23/99 18:22:37) page 1

PLBUILD version 3.0G

Bank Information
----------------

Bank name: NBCCROWD.BNK

Size of .BNK file including header: 113438 bytes ($1BB1E bytes)

Size of playlist table: 68 bytes ($44 bytes)

Size of playlist and sound data only: 113236 bytes ($1BA54 bytes)

Checksum: $E028

Total number of playlists: 10 ($A)

Total number of sound files: 10 ($A)

Average bit rate for bank: 31.1 kbits/sec

Total linear amount of sound: 0:29.100 (min:sec.msec)



Playlist Table

  Dec  Hex   # Trks  Video  Pinball  Description
  ---- ----- ------ ------- -------  -----------
  1    $0001   1      150.3   172.3  Crowd Airball
  2    $0002   1      188.4   216.0  Crowd Boo
  3    $0003   1      103.8   119.0  Crowd Bang-Chair-Chant 1
  4    $0004   1       87.9   100.8  Crowd Go-Team-Go

  6    $0006   1       84.5    97.0  Crowd Defense
  7    $0007   1      132.3   151.7  Crowd Oh
  8    $0008   1      260.3   298.6  Crowd ambient 1
  9    $0009   1      208.4   239.0  Swell #1

  12   $000c   1          -       -  Crowd Loop (small ambience)2 (lower pitched)

  16   $0010   1      208.0   238.6  Crowd ambient 3

Total 10 Playlists
 
NBA 3-D (c) 1998 Midway - Basketball Crowds (03/23/99 18:22:37) page 2


Region Table 

File         Size      Length   Length    Bitrate   Compression
Name         bytes     frames   seconds   kbit/sec  Parameters
-----------  --------  -------  --------  --------  -----------
3DAIRBMX        10302      359  0:02.757     29.89  HENRY -v7.00 -vb63 -vi7 -vt3 
3DBOOMIX        12792      450  0:03.456     29.61  HENRY -v7.00 -vb63 -vi7 -vt3 
3DCHANT1         8208      248  0:01.905     34.48  HENRY -v7.00 -vb63 -vi7 -vt3 
3DCHANT2         7438      210  0:01.613     36.89  HENRY -v7.00 -vb63 -vi7 -vt3 
3DCRDLP4         9298      388  0:02.980     24.96  HENRY -v7.00 -vb63 -vi7 -vt3 
3DCROWDA        19406      622  0:04.777     32.50  HENRY -v7.00 -vb63 -vi7 -vt3 
3DCROWDC        15012      497  0:03.817     31.46  HENRY -v7.00 -vb63 -vi7 -vt3 
3DDFNS3          7052      202  0:01.551     36.37  HENRY -v6.50 -vb63 -vi7 -vt3 
3DOHMIX          7990      316  0:02.427     26.34  HENRY -v6.50 -vb63 -vi7 -vt3 
SWELL1          15550      497  0:03.817     32.59  HENRY -v7.50 -vb63 -vi7 -vt3 
 
NBA 3-D (c) 1998 Midway - Basketball Crowds (03/23/99 18:22:37) page 3


Summary

Total Average Bitrate:  31.1 kbits/sec
Total Time:             0:29.100 minutes
Total Number of .CMP's: 10
Total Size of .CMP's:   110.40 kbytes
