NBA 3-D (c) 1999 Midway - Outdoor court bkgnds - N (04/12/99 14:50:11) page 1

PLBUILD version 3.0G

Bank Information
----------------

Bank name: OUTCROWD.BNK

Size of .BNK file including header: 112676 bytes ($1B824 bytes)

Size of playlist table: 120 bytes ($78 bytes)

Size of playlist and sound data only: 112422 bytes ($1B726 bytes)

Checksum: $9600

Total number of playlists: 10 ($A)

Total number of sound files: 10 ($A)

Average bit rate for bank: 24.1 kbits/sec

Total linear amount of sound: 0:37.202 (min:sec.msec)



Playlist Table

  Dec  Hex   # Trks  Video  Pinball  Description
  ---- ----- ------ ------- -------  -----------
  7    $0007   1      132.3   151.7  Crowd Oh
  8    $0008   1      260.3   298.6  Crowd ambient 1
  9    $0009   1      208.4   239.0  Swell #1

  16   $0010   1      208.0   238.6  Crowd ambient 3

  20   $0014   1          -       -  Outdoor Blacktop Court loop (NO WEATHER)

  25   $0019   1      126.0   144.5  Automobile passes
  26   $001a   1      186.7   214.1  Bkgnd Siren pass - any outdoor Blacktop
  27   $001b   1      122.2   140.2  Bkgnd Dog Barks
  28   $001c   1      101.3   116.2  Church bell outside
  29   $001d   1       87.1    99.8  Bkgnd 1Dog Bark 2

Total 10 Playlists
 
NBA 3-D (c) 1999 Midway - Outdoor court bkgnds - N (04/12/99 14:50:11) page 2


Region Table 

File         Size      Length   Length    Bitrate   Compression
Name         bytes     frames   seconds   kbit/sec  Parameters
-----------  --------  -------  --------  --------  -----------
3DCHBL02         5462      242  0:01.859     23.51  HENRY -v6.50 -vb79 -vi7 -vt3 
3DCROWDA        19406      622  0:04.777     32.50  HENRY -v7.00 -vb63 -vi7 -vt3 
3DCROWDC        15012      497  0:03.817     31.46  HENRY -v7.00 -vb63 -vi7 -vt3 
3DOHMIX          7990      316  0:02.427     26.34  HENRY -v6.50 -vb63 -vi7 -vt3 
AUTOPAS3         6316      301  0:02.312     21.86  HENRY -v6.50 -vb79 -vi7 -vt3 
CITYBASH        27074     1425  0:10.944     19.79  HENRY -v7.50 -vb79 -vi7 -vt3 
DOGBACK2         4392      291  0:02.235     15.72  HENRY -v7.50 -vb79 -vi7 -vt3 
DOGPASS2         4546      208  0:01.597     22.77  HENRY -v7.00 -vb79 -vi7 -vt3 
SIRENPS3         6486      445  0:03.418     15.18  HENRY -v7.50 -vb79 -vi7 -vt3 
SWELL1          15550      497  0:03.817     32.59  HENRY -v7.50 -vb63 -vi7 -vt3 
 
NBA 3-D (c) 1999 Midway - Outdoor court bkgnds - N (04/12/99 14:50:11) page 3


Summary

Total Average Bitrate:  24.1 kbits/sec
Total Time:             0:37.202 minutes
Total Number of .CMP's: 10
Total Size of .CMP's:   109.60 kbytes
