NBA on NBC (c) 1998 Midway - Players oofs Speech (04/08/99 15:47:13) page 1

PLBUILD version 3.0G

Bank Information
----------------

Bank name: PLAYERS.BNK

Size of .BNK file including header: 201200 bytes ($311F0 bytes)

Size of playlist table: 308 bytes ($134 bytes)

Size of playlist and sound data only: 200758 bytes ($31036 bytes)

Checksum: $5FD4

Total number of playlists: 73 ($49)

Total number of sound files: 73 ($49)

Average bit rate for bank: 21.1 kbits/sec

Total linear amount of sound: 1:15.779 (min:sec.msec)



Playlist Table

  Dec  Hex   # Trks  Video  Pinball  Description
  ---- ----- ------ ------- -------  -----------
  1    $0001   1       20.1    23.0  new player grunt 1
  2    $0002   1       27.2    31.2  new player grunt 2
  3    $0003   1       31.8    36.5  new player grunt 3
  4    $0004   1       22.6    25.9  new player grunt 4
  5    $0005   1       46.9    53.8  Ungh!
  6    $0006   1       47.7    54.7  Ahhh!
  7    $0007   1       94.2   108.0  Ahhhhhhh!
  8    $0008   1       67.0    76.8  Yeah!!
  9    $0009   1       75.8    86.9  Ow-unh!
  10   $000a   1       20.1    23.0  Hunh #1 (lunge or shoot)
  11   $000b   1       20.9    24.0  Hunh #2 (lunge or shoot)
  12   $000c   1       30.1    34.6  Ugh   1 
  13   $000d   1       37.3    42.7  Oo-Oh 2 
  14   $000e   1       42.7    49.0  Huh   3
  15   $000f   1       34.3    39.4  Ugh   4
  16   $0010   1       41.0    47.0  Ugh   5
  17   $0011   1       29.3    33.6  Mmhh  6
  18   $0012   1       39.3    45.1  Mmff  7
  19   $0013   1       42.3    48.5  Umph  8
  20   $0014   1       21.8    25.0  Oh    9

  22   $0016   1       41.4    47.5  Aih   10
  23   $0017   1       49.0    56.2  Argh  11
  24   $0018   1       49.0    56.2  Mmmm  12
  25   $0019   1       51.9    59.5  Umho  13
  26   $001a   1       36.4    41.8  Rob Oooh!
  27   $001b   1       39.3    45.1  Rob Ohh!
  28   $001c   1       26.4    30.2  Rob Flail
  29   $001d   1       60.3    69.1  Player Stumble yell
 
NBA on NBC (c) 1998 Midway - Players oofs Speech (04/08/99 15:47:13) page 2


Playlist Table (continued)

  Dec  Hex   # Trks  Video  Pinball  Description
  ---- ----- ------ ------- -------  -----------
  30   $001e   1       36.4    41.8  Gentile UNH
  31   $001f   1       44.8    51.4  Gentile YA OUCH
  32   $0020   1       43.1    49.4  Gentile HWAH
  33   $0021   1       41.4    47.5  Gentile UNGH
  34   $0022   1       34.3    39.4  Gentile HMPHF (effort)
  35   $0023   1       30.6    35.0  Divita UNGH
  36   $0024   1       40.2    46.1  Divita HUNH-UH
  37   $0025   1       40.2    46.1  Divita HWAH
  38   $0026   1       36.0    41.3  Divita HAH
  39   $0027   1       39.8    45.6  Divita UWOW
  40   $0028   1       50.6    58.1  Divita HWAH2
  41   $0029   1       43.5    49.9  Divita UGNGH
  42   $002a   1       68.6    78.7  Divita Flying Dunk 1 NO END
  43   $002b   1       92.9   106.6  Divita Flying Dunk 3
  44   $002c   1       92.9   106.6  Divita Flying Dunk Yeehah
  45   $002d   1      114.3   131.0  Divita One-piece Fly and Dunk 1
  46   $002e   1       61.5    70.6  Divita END Dunk for Flying Dunks
  47   $002f   1       29.3    33.6  Divita END Dunk 2 or UNGH
  48   $0030   1      108.0   123.8  Divita Taunt - Un-huh and laugh
  49   $0031   1       68.6    78.7  Divita Taunt - How do you like that huh?
  50   $0032   1       49.8    57.1  Divita Taunt - You want some more?
  51   $0033   1       89.6   102.7  Divita Taunt - Go home to your momma
  52   $0034   1      117.2   134.4  Divita Taunt - Who the man cmon Im the man
  53   $0035   1       74.1    85.0  Divita Taunt - You cant touch this
  54   $0036   1       97.1   111.4  Divita Taunt - Thats right all day long
  55   $0037   1      105.1   120.5  Divita Taunt - I got the touch thats right
  56   $0038   1       95.4   109.4  Divita Taunts Free Thrower 1
  57   $0039   1       60.7    69.6  Divita Taunts FreeThrower 4
  58   $003a   1       68.2    78.2  Divita Taunts FreeThrower 6
  59   $003b   1       75.8    86.9  Divita Taunts FreeThrower 9

  62   $003e   1      115.9   133.0  I'm the bomb x2
  63   $003f   1       55.2    63.4  Whoooew!
  64   $0040   1      103.4   118.6  Hoopers don't dance - we boogie
  65   $0041   1       28.0    32.2  Yeah1
  66   $0042   1       29.7    34.1  Yeah2
  67   $0043   1       36.0    41.3  Yeah3
  68   $0044   1       52.3    60.0  That's all night #1
  69   $0045   1       74.5    85.4  I'm bustin' you out man
  70   $0046   1       84.1    96.5  You better ask somebody
  71   $0047   1       62.8    72.0  I can't be stopped #2
  72   $0048   1       79.9    91.7  I-m too strong for you
  73   $0049   1      120.1   137.8  Rob Laugh #4
  74   $004a   1       61.9    71.0  I own you
  75   $004b   1       99.6   114.2  Funky fresh in the flesh baby
  76   $004c   1       51.1    58.6  Who-s your daddy

Total 73 Playlists
 
NBA on NBC (c) 1998 Midway - Players oofs Speech (04/08/99 15:47:13) page 3


Region Table 

File         Size      Length   Length    Bitrate   Compression
Name         bytes     frames   seconds   kbit/sec  Parameters
-----------  --------  -------  --------  --------  -----------
3DGRUNT1         1574       50  0:00.384     32.79  HENRY -v7.25 -vb79 -vi7 -vr47 
3DGRUNT2         2016       65  0:00.499     32.31  HENRY -v7.25 -vb79 -vi7 -vr47 
3DGRUNT3         2286       73  0:00.561     32.62  HENRY -v7.25 -vb79 -vi7 -vr47 
3DGRUNT4         1502       57  0:00.438     27.45  HENRY -v7.25 -vb79 -vi7 -vr47 
FLAILME1         3414      144  0:01.106     24.70  HENRY -v7.25 -vb79 -vi7 -vr47 
GENTIL01         1246       87  0:00.668     14.92  HENRY -v7.50 -vb79 -vi7 -vr47 
GENTIL05         1348      106  0:00.814     13.25  HENRY -v7.50 -vb79 -vi7 -vr47 
GENTIL09          706      103  0:00.791      7.14  HENRY -v7.50 -vb79 -vi7 -vr47 
GENTIL10         1832       99  0:00.760     19.28  HENRY -v7.50 -vb79 -vi7 -vr47 
GENTIL12          730       82  0:00.630      9.27  HENRY -v7.50 -vb79 -vi7 -vr47 
RG31K003         2088       87  0:00.668     25.00  HENRY -v7.50 -vb79 -vi7 -vr47 
RG31K004         1452       94  0:00.722     16.09  HENRY -v7.50 -vb79 -vi7 -vr47 
RG31K018         6110      277  0:02.127     22.98  HENRY -v7.50 -vb79 -vi7 -vr47 
RG31K019         2228      132  0:01.014     17.58  HENRY -v7.50 -vb79 -vi7 -vr47 
RG31K025         5256      247  0:01.897     22.17  HENRY -v7.50 -vb79 -vi7 -vr47 
RG31K040         3224      125  0:00.960     26.87  HENRY -v7.50 -vb79 -vi7 -vr47 
RG31K045         3552      178  0:01.367     20.79  HENRY -v7.50 -vb79 -vi7 -vr47 
RG31K050         4380      201  0:01.544     22.70  HENRY -v7.50 -vb79 -vi7 -vr47 
RG31K053         3278      150  0:01.152     22.76  HENRY -v7.50 -vb79 -vi7 -vr47 
RG31K071         4376      191  0:01.467     23.87  HENRY -v7.50 -vb79 -vi7 -vr47 
RG31K075         4964      287  0:02.204     18.02  HENRY -v7.50 -vb79 -vi7 -vr47 
RG31K082         2560      112  0:00.860     23.81  HENRY -v7.50 -vb79 -vi7 -vr47 
RG31K083         2252      114  0:00.876     20.58  HENRY -v7.50 -vb79 -vi7 -vr47 
RG31K084         4932      225  0:01.728     22.83  HENRY -v7.50 -vb79 -vi7 -vr47 
RG31K088         3458      136  0:01.044     26.49  HENRY -v7.50 -vb79 -vi7 -vr47 
RG31K089         3774      161  0:01.236     24.42  HENRY -v7.50 -vb79 -vi7 -vr47 
RG31K094         1194       48  0:00.369     25.91  HENRY -v7.50 -vb79 -vi7 -vr47 
RG31K095         1514       50  0:00.384     31.54  HENRY -v7.50 -vb79 -vi7 -vr47 
RG31K098         3074      148  0:01.137     21.64  HENRY -v7.50 -vb79 -vi7 -vr47 
RG31K110         4936      238  0:01.828     21.60  HENRY -v7.50 -vb79 -vi7 -vr47 
RG31K31A         1838       67  0:00.515     28.58  HENRY -v7.50 -vb79 -vi7 -vr47 
RG31K31B         2086       71  0:00.545     30.60  HENRY -v7.50 -vb79 -vi7 -vr47 
RG31K31C         2018       85  0:00.653     24.73  HENRY -v7.50 -vb79 -vi7 -vr47 
RG3_085A         1818       72  0:00.553     26.30  HENRY -v7.50 -vb79 -vi7 -vr47 
RG3_085B         1986       89  0:00.684     23.24  HENRY -v7.50 -vb79 -vi7 -vr47 
RG3_085C         2780      101  0:00.776     28.67  HENRY -v7.50 -vb79 -vi7 -vr47 
RG3_085D         1354       81  0:00.622     17.41  HENRY -v7.50 -vb79 -vi7 -vr47 
RG3_085E         1880       98  0:00.753     19.98  HENRY -v7.50 -vb79 -vi7 -vr47 
RG3_085F         1192       69  0:00.530     18.00  HENRY -v7.50 -vb79 -vi7 -vr47 
RG3_085G         1966       94  0:00.722     21.79  HENRY -v7.50 -vb79 -vi7 -vr47 
RG3_085H         2004      101  0:00.776     20.67  HENRY -v7.50 -vb79 -vi7 -vr47 
RG3_086A          992       52  0:00.399     19.87  HENRY -v7.50 -vb79 -vi7 -vr47 
RG3_086B         2092      101  0:00.776     21.58  HENRY -v7.50 -vb79 -vi7 -vr47 
RG3_086C         2778      116  0:00.891     24.95  HENRY -v7.50 -vb79 -vi7 -vr47 
RG3_087A         2086      117  0:00.899     18.57  HENRY -v7.50 -vb79 -vi7 -vr47 
RG3_087B         2588      124  0:00.952     21.74  HENRY -v7.50 -vb79 -vi7 -vr47 
RGFLAIL          2066       64  0:00.492     33.63  HENRY -v7.50 -vb79 -vi7 -vr47 
SALTIL02          856       73  0:00.561     12.21  HENRY -v7.50 -vb79 -vi7 -vr47 
SALTIL03         1524       96  0:00.737     16.54  HENRY -v7.50 -vb79 -vi7 -vr47 
SALTIL04         1464       96  0:00.737     15.89  HENRY -v7.50 -vb79 -vi7 -vr47 
SALTIL05         1338       86  0:00.660     16.21  HENRY -v7.50 -vb79 -vi7 -vr47 
 
NBA on NBC (c) 1998 Midway - Players oofs Speech (04/08/99 15:47:13) page 4


Region Table (continued)

File         Size      Length   Length    Bitrate   Compression
Name         bytes     frames   seconds   kbit/sec  Parameters
-----------  --------  -------  --------  --------  -----------
SALTIL06         1276       94  0:00.722     14.14  HENRY -v7.50 -vb79 -vi7 -vr47 
SALTIL09         2882      121  0:00.929     24.81  HENRY -v7.50 -vb79 -vi7 -vr47 
SALTIL10         2102      104  0:00.799     21.05  HENRY -v7.50 -vb79 -vi7 -vr47 
SALTIL11         4300      164  0:01.260     27.31  HENRY -v7.50 -vb79 -vi7 -vr47 
SALTIL12         2380      147  0:01.129     16.87  HENRY -v7.50 -vb79 -vi7 -vr47 
SALTIL14         5052      221  0:01.697     23.81  HENRY -v7.50 -vb79 -vi7 -vr47 
SALTIL15         5126      221  0:01.697     24.16  HENRY -v7.50 -vb79 -vi7 -vr47 
SALTIL17         7174      273  0:02.097     27.37  HENRY -v7.50 -vb79 -vi7 -vr47 
SALTIL19         1426       70  0:00.538     21.22  HENRY -v7.50 -vb79 -vi7 -vr47 
SALTIL25         4282      258  0:01.981     17.29  HENRY -v7.50 -vb79 -vi7 -vr47 
SALTIL27         3270      164  0:01.260     20.77  HENRY -v7.50 -vb79 -vi7 -vr47 
SALTIL28         2166      119  0:00.914     18.96  HENRY -v7.50 -vb79 -vi7 -vr47 
SALTIL29         4170      213  0:01.636     20.39  HENRY -v7.50 -vb79 -vi7 -vr47 
SALTIL32         4938      280  0:02.150     18.37  HENRY -v7.50 -vb79 -vi7 -vr47 
SALTIL33         2742      177  0:01.359     16.14  HENRY -v7.50 -vb79 -vi7 -vr47 
SALTIL34         4752      232  0:01.782     21.34  HENRY -v7.50 -vb79 -vi7 -vr47 
SALTIL36         3854      251  0:01.928     15.99  HENRY -v7.50 -vb79 -vi7 -vr47 
SALTIL47         3766      228  0:01.751     17.21  HENRY -v7.50 -vb79 -vi7 -vr47 
SALTIL50         2048      145  0:01.114     14.71  HENRY -v7.50 -vb79 -vi7 -vr47 
SALTIL52         2678      163  0:01.252     17.11  HENRY -v7.50 -vb79 -vi7 -vr47 
SALTIL55         2294      181  0:01.390     13.20  HENRY -v7.50 -vb79 -vi7 -vr47 
WHOYUROB         2790      121  0:00.929     24.02  HENRY -v7.50 -vb79 -vi7 -vr47 
 
NBA on NBC (c) 1998 Midway - Players oofs Speech (04/08/99 15:47:13) page 5


Summary

Total Average Bitrate:  21.1 kbits/sec
Total Time:             1:15.779 minutes
Total Number of .CMP's: 73
Total Size of .CMP's:   194.76 kbytes
