NBA on NBC (c) 1998 Midway - TIMK : Green Alien (03/15/99 14:40:51) page 1

PLBUILD version 3.0G

Bank Information
----------------

Bank name: SC_ALIAN.BNK

Size of .BNK file including header: 34608 bytes ($8730 bytes)

Size of playlist table: 40 bytes ($28 bytes)

Size of playlist and sound data only: 34434 bytes ($8682 bytes)

Checksum: $DDD2

Total number of playlists: 9 ($9)

Total number of sound files: 9 ($9)

Average bit rate for bank: 29.2 kbits/sec

Total linear amount of sound: 0:09.385 (min:sec.msec)



Playlist Table

  Dec  Hex   # Trks  Video  Pinball  Description
  ---- ----- ------ ------- -------  -----------
  1    $0001   1       66.6    76.3  Green Alien
  2    $0002   1       39.3    45.1  Alien A
  3    $0003   1       59.4    68.2  Alien B
  4    $0004   1       44.4    50.9  Alien C
  5    $0005   1       38.9    44.6  To Alien 
  6    $0006   1       69.1    79.2  Hands off to Alien
  7    $0007   1       62.8    72.0  Dishes to Alien 
  8    $0008   1       49.8    57.1  Finds Alien 
  9    $0009   1       82.0    94.1  Nice Feed to Alien 

Total 9 Playlists
