NBA on NBC (c) 1999 Midway - TIMK : Andy (Eloff) (04/20/99 18:33:00) page 1

PLBUILD version 3.0G

Bank Information
----------------

Bank name: SC_AELOF.BNK

Size of .BNK file including header: 30376 bytes ($76A8 bytes)

Size of playlist table: 40 bytes ($28 bytes)

Size of playlist and sound data only: 30202 bytes ($75FA bytes)

Checksum: $D80A

Total number of playlists: 9 ($9)

Total number of sound files: 9 ($9)

Average bit rate for bank: 28.6 kbits/sec

Total linear amount of sound: 0:08.417 (min:sec.msec)



Playlist Table

  Dec  Hex   # Trks  Video  Pinball  Description
  ---- ----- ------ ------- -------  -----------
  1    $0001   1       67.4    77.3  Andy Eloff
  2    $0002   1       31.4    36.0  Eloff A
  3    $0003   1       58.6    67.2  Eloff B
  4    $0004   1       37.3    42.7  Eloff C
  5    $0005   1       37.7    43.2  To Eloff
  6    $0006   1       56.5    64.8  Hands Off to Eloff
  7    $0007   1       55.7    63.8  Dishes to Eloff
  8    $0008   1       43.9    50.4  Finds Eloff
  9    $0009   1       70.3    80.6  Nice Feed to Eloff

Total 9 Playlists
