NBA on NBC (c) 1998 Midway - TIMK : Lex Gilliam (04/07/99 14:46:31) page 1

PLBUILD version 3.0G

Bank Information
----------------

Bank name: SC_AGILL.BNK

Size of .BNK file including header: 25470 bytes ($637E bytes)

Size of playlist table: 40 bytes ($28 bytes)

Size of playlist and sound data only: 25296 bytes ($62D0 bytes)

Checksum: $5023

Total number of playlists: 9 ($9)

Total number of sound files: 9 ($9)

Average bit rate for bank: 23.3 kbits/sec

Total linear amount of sound: 0:08.617 (min:sec.msec)



Playlist Table

  Dec  Hex   # Trks  Video  Pinball  Description
  ---- ----- ------ ------- -------  -----------
  1    $0001   1       72.8    83.5  Lex Gilliam
  2    $0002   1       29.7    34.1  Lex A
  3    $0003   1       58.2    66.7  Lex B
  4    $0004   1       46.0    52.8  Lex C
  5    $0005   1       34.7    39.8  To Lex
  6    $0006   1       59.0    67.7  Hands off to Lex
  7    $0007   1       56.9    65.3  Dishes to Lex
  8    $0008   1       46.5    53.3  Finds Lex
  9    $0009   1       66.6    76.3  Nice Feed to Lex

Total 9 Playlists
