NBA on NBC (c) 1998 Midway - TIMK : Badger (03/23/99 02:03:19) page 1

PLBUILD version 3.0G

Bank Information
----------------

Bank name: SC_BADGE.BNK

Size of .BNK file including header: 27674 bytes ($6C1A bytes)

Size of playlist table: 40 bytes ($28 bytes)

Size of playlist and sound data only: 27500 bytes ($6B6C bytes)

Checksum: $1C34

Total number of playlists: 9 ($9)

Total number of sound files: 9 ($9)

Average bit rate for bank: 27.8 kbits/sec

Total linear amount of sound: 0:07.880 (min:sec.msec)



Playlist Table

  Dec  Hex   # Trks  Video  Pinball  Description
  ---- ----- ------ ------- -------  -----------
  1    $0001   1       38.1    43.7  Badger 
  2    $0002   1       34.7    39.8  Badger A
  3    $0003   1       56.5    64.8  Badger B
  4    $0004   1       39.8    45.6  Badger C
  5    $0005   1       38.5    44.2  To Badger
  6    $0006   1       56.1    64.3  Hands Off to Badger
  7    $0007   1       55.2    63.4  Dishes to Badger
  8    $0008   1       49.0    56.2  Finds Badger
  9    $0009   1       61.9    71.0  Nice Feed to Badger

Total 9 Playlists
