NBA on NBC (c) 1998 Midway - TIMK : Bison Dele (02/06/99 13:43:34) page 1

PLBUILD version 3.0G

Bank Information
----------------

Bank name: SC_BWILL.BNK

Size of .BNK file including header: 34060 bytes ($850C bytes)

Size of playlist table: 40 bytes ($28 bytes)

Size of playlist and sound data only: 33886 bytes ($845E bytes)

Checksum: $9E1A

Total number of playlists: 9 ($9)

Total number of sound files: 9 ($9)

Average bit rate for bank: 31.4 kbits/sec

Total linear amount of sound: 0:08.586 (min:sec.msec)



Playlist Table

  Dec  Hex   # Trks  Video  Pinball  Description
  ---- ----- ------ ------- -------  -----------
  1    $0001   1       70.7    81.1  Bison Dele
  2    $0002   1       29.7    34.1  Dele A
  3    $0003   1       54.4    62.4  Dele B
  4    $0004   1       46.9    53.8  Dele C
  5    $0005   1       37.3    42.7  To Dele
  6    $0006   1       58.2    66.7  Hands off to Dele
  7    $0007   1       60.7    69.6  Dishes to Dele
  8    $0008   1       49.0    56.2  Finds Dele 
  9    $0009   1       61.5    70.6  Nice Feed to Dele

Total 9 Playlists
