NBA on NBC (c) 1998 Midway - TIMK : Benny the Bull (03/15/99 14:40:51) page 1

PLBUILD version 3.0G

Bank Information
----------------

Bank name: SC_BENNY.BNK

Size of .BNK file including header: 25342 bytes ($62FE bytes)

Size of playlist table: 40 bytes ($28 bytes)

Size of playlist and sound data only: 25168 bytes ($6250 bytes)

Checksum: $F17A

Total number of playlists: 9 ($9)

Total number of sound files: 9 ($9)

Average bit rate for bank: 26.6 kbits/sec

Total linear amount of sound: 0:07.526 (min:sec.msec)



Playlist Table

  Dec  Hex   # Trks  Video  Pinball  Description
  ---- ----- ------ ------- -------  -----------
  1    $0001   1       56.5    64.8  Benny the Bull
  2    $0002   1       28.5    32.6  Benny A
  3    $0003   1       54.8    62.9  Benny B
  4    $0004   1       33.9    38.9  Benny C
  5    $0005   1       30.1    34.6  To Benny
  6    $0006   1       51.9    59.5  Hands Off to Benny
  7    $0007   1       49.4    56.6  Dishes to Benny
  8    $0008   1       44.4    50.9  Finds Benny
  9    $0009   1       61.1    70.1  Nice Feed to Benny

Total 9 Playlists
