NBA on NBC (c) 1998 Midway - TIMK : Boomer  (03/24/99 03:07:35) page 1

PLBUILD version 3.0G

Bank Information
----------------

Bank name: SC_BOOME.BNK

Size of .BNK file including header: 28084 bytes ($6DB4 bytes)

Size of playlist table: 40 bytes ($28 bytes)

Size of playlist and sound data only: 27910 bytes ($6D06 bytes)

Checksum: $3B44

Total number of playlists: 9 ($9)

Total number of sound files: 9 ($9)

Average bit rate for bank: 26.7 kbits/sec

Total linear amount of sound: 0:08.317 (min:sec.msec)



Playlist Table

  Dec  Hex   # Trks  Video  Pinball  Description
  ---- ----- ------ ------- -------  -----------
  1    $0001   1       80.4    92.2  Boomer the Cat 
  2    $0002   1       29.7    34.1  Boomer A
  3    $0003   1       54.4    62.4  Boomer B
  4    $0004   1       38.9    44.6  Boomer C
  5    $0005   1       30.6    35.0  To Boomer
  6    $0006   1       54.0    61.9  Hands Off to Boomer
  7    $0007   1       54.8    62.9  Dishes to Boomer
  8    $0008   1       42.7    49.0  Finds Boomer
  9    $0009   1       68.6    78.7  Nice Feed to Boomer

Total 9 Playlists
