NBA on NBC (c) 1998 Midway - TIMK : The Bride  (03/15/99 14:40:53) page 1

PLBUILD version 3.0G

Bank Information
----------------

Bank name: SC_BRIDE.BNK

Size of .BNK file including header: 31424 bytes ($7AC0 bytes)

Size of playlist table: 40 bytes ($28 bytes)

Size of playlist and sound data only: 31250 bytes ($7A12 bytes)

Checksum: $B0E3

Total number of playlists: 9 ($9)

Total number of sound files: 9 ($9)

Average bit rate for bank: 27.7 kbits/sec

Total linear amount of sound: 0:08.993 (min:sec.msec)



Playlist Table

  Dec  Hex   # Trks  Video  Pinball  Description
  ---- ----- ------ ------- -------  -----------
  1    $0001   1       52.7    60.5  The Bride 
  2    $0002   1       33.1    37.9  The Bride A
  3    $0003   1       61.5    70.6  The Bride B
  4    $0004   1       47.3    54.2  The Bride C
  5    $0005   1       38.5    44.2  To The Bride
  6    $0006   1       61.9    71.0  Hands Off to The Bride
  7    $0007   1       62.4    71.5  Dishes to The Bride
  8    $0008   1       54.4    62.4  Finds The Bride
  9    $0009   1       79.9    91.7  Nice Feed to The Bride

Total 9 Playlists
