NBA on NBC (c) 1998 Midway - TIMK : Creed (03/23/99 02:03:20) page 1

PLBUILD version 3.0G

Bank Information
----------------

Bank name: SC_CREED.BNK

Size of .BNK file including header: 24516 bytes ($5FC4 bytes)

Size of playlist table: 40 bytes ($28 bytes)

Size of playlist and sound data only: 24342 bytes ($5F16 bytes)

Checksum: $43AB

Total number of playlists: 9 ($9)

Total number of sound files: 9 ($9)

Average bit rate for bank: 25.5 kbits/sec

Total linear amount of sound: 0:07.580 (min:sec.msec)



Playlist Table

  Dec  Hex   # Trks  Video  Pinball  Description
  ---- ----- ------ ------- -------  -----------
  1    $0001   1       36.0    41.3  Creed 
  2    $0002   1       27.2    31.2  Creed A
  3    $0003   1       54.4    62.4  Creed B
  4    $0004   1       35.2    40.3  Creed C
  5    $0005   1       32.2    37.0  To Creed
  6    $0006   1       58.6    67.2  Hands Off to Creed
  7    $0007   1       57.8    66.2  Dishes to Creed
  8    $0008   1       44.4    50.9  Finds Creed
  9    $0009   1       67.8    77.8  Nice Feed to Creed

Total 9 Playlists
