NBA on NBC (c) 1998 Midway - TIMK : Crunch  (03/24/99 03:07:35) page 1

PLBUILD version 3.0G

Bank Information
----------------

Bank name: SC_CRUNC.BNK

Size of .BNK file including header: 28486 bytes ($6F46 bytes)

Size of playlist table: 40 bytes ($28 bytes)

Size of playlist and sound data only: 28312 bytes ($6E98 bytes)

Checksum: $1623

Total number of playlists: 9 ($9)

Total number of sound files: 9 ($9)

Average bit rate for bank: 25.7 kbits/sec

Total linear amount of sound: 0:08.763 (min:sec.msec)



Playlist Table

  Dec  Hex   # Trks  Video  Pinball  Description
  ---- ----- ------ ------- -------  -----------
  1    $0001   1       84.1    96.5  Crunch the Wolf 
  2    $0002   1       25.5    29.3  Crunch A
  3    $0003   1       58.2    66.7  Crunch B
  4    $0004   1       35.2    40.3  Crunch C
  5    $0005   1       39.3    45.1  To Crunch
  6    $0006   1       56.9    65.3  Hands Off to Crunch
  7    $0007   1       60.7    69.6  Dishes to Crunch
  8    $0008   1       45.6    52.3  Finds Crunch
  9    $0009   1       71.6    82.1  Nice Feed to Crunch

Total 9 Playlists
