NBA on NBC (c) 1998 Midway - TIMK : The Chief  (03/15/99 14:40:53) page 1

PLBUILD version 3.0G

Bank Information
----------------

Bank name: SC_CHIEF.BNK

Size of .BNK file including header: 26036 bytes ($65B4 bytes)

Size of playlist table: 40 bytes ($28 bytes)

Size of playlist and sound data only: 25862 bytes ($6506 bytes)

Checksum: $B977

Total number of playlists: 9 ($9)

Total number of sound files: 9 ($9)

Average bit rate for bank: 26.7 kbits/sec

Total linear amount of sound: 0:07.703 (min:sec.msec)



Playlist Table

  Dec  Hex   # Trks  Video  Pinball  Description
  ---- ----- ------ ------- -------  -----------
  1    $0001   1       33.9    38.9  The Chief 
  2    $0002   1       32.6    37.4  The Chief A
  3    $0003   1       56.5    64.8  The Chief B
  4    $0004   1       44.4    50.9  The Chief C
  5    $0005   1       34.3    39.4  To The Chief
  6    $0006   1       59.0    67.7  Hands Off to The Chief
  7    $0007   1       56.1    64.3  Dishes to The Chief
  8    $0008   1       41.9    48.0  Finds The Chief
  9    $0009   1       61.5    70.6  Nice Feed to The Chief

Total 9 Playlists
