NBA on NBC (c) 1998 Midway - TIMK : Coyote (03/23/99 02:03:19) page 1

PLBUILD version 3.0G

Bank Information
----------------

Bank name: SC_COYOT.BNK

Size of .BNK file including header: 34762 bytes ($87CA bytes)

Size of playlist table: 40 bytes ($28 bytes)

Size of playlist and sound data only: 34588 bytes ($871C bytes)

Checksum: $AB3C

Total number of playlists: 9 ($9)

Total number of sound files: 9 ($9)

Average bit rate for bank: 30.3 kbits/sec

Total linear amount of sound: 0:09.093 (min:sec.msec)



Playlist Table

  Dec  Hex   # Trks  Video  Pinball  Description
  ---- ----- ------ ------- -------  -----------
  1    $0001   1       53.2    61.0  Coyote 
  2    $0002   1       34.7    39.8  Coyote A
  3    $0003   1       64.9    74.4  Coyote B
  4    $0004   1       45.6    52.3  Coyote C
  5    $0005   1       41.4    47.5  To Coyote
  6    $0006   1       60.7    69.6  Hands Off to Coyote
  7    $0007   1       65.3    74.9  Dishes to Coyote
  8    $0008   1       51.5    59.0  Finds Coyote
  9    $0009   1       78.7    90.2  Nice Feed to Coyote

Total 9 Playlists
