NBA on NBC (c) 1998 Midway - TIMK : Chad Edmonds (03/16/99 00:42:01) page 1

PLBUILD version 3.0G

Bank Information
----------------

Bank name: SC_CHAD.BNK

Size of .BNK file including header: 30130 bytes ($75B2 bytes)

Size of playlist table: 40 bytes ($28 bytes)

Size of playlist and sound data only: 29956 bytes ($7504 bytes)

Checksum: $37EA

Total number of playlists: 9 ($9)

Total number of sound files: 9 ($9)

Average bit rate for bank: 26.1 kbits/sec

Total linear amount of sound: 0:09.139 (min:sec.msec)



Playlist Table

  Dec  Hex   # Trks  Video  Pinball  Description
  ---- ----- ------ ------- -------  -----------
  1    $0001   1       72.0    82.6  Chad Edmonds
  2    $0002   1       36.8    42.2  Edmonds A
  3    $0003   1       62.4    71.5  Edmonds B
  4    $0004   1       44.4    50.9  Edmonds C
  5    $0005   1       39.3    45.1  To Edmonds 
  6    $0006   1       58.2    66.7  Hands off to Edmonds 
  7    $0007   1       58.6    67.2  Dishes to Edmonds 
  8    $0008   1       49.0    56.2  Finds Edmonds 
  9    $0009   1       77.9    89.3  Nice Feed to Edmonds

Total 9 Playlists
