NBA on NBC (c) 1998 Midway - TIMK : Chris Skrundz (03/22/99 01:58:34) page 1

PLBUILD version 3.0G

Bank Information
----------------

Bank name: SC_CSKRU.BNK

Size of .BNK file including header: 32912 bytes ($8090 bytes)

Size of playlist table: 40 bytes ($28 bytes)

Size of playlist and sound data only: 32738 bytes ($7FE2 bytes)

Checksum: $5FE0

Total number of playlists: 9 ($9)

Total number of sound files: 9 ($9)

Average bit rate for bank: 27.6 kbits/sec

Total linear amount of sound: 0:09.431 (min:sec.msec)



Playlist Table

  Dec  Hex   # Trks  Video  Pinball  Description
  ---- ----- ------ ------- -------  -----------
  1    $0001   1       72.4    83.0  Chris Skrundz
  2    $0002   1       38.1    43.7  Skrundz A
  3    $0003   1       61.1    70.1  Skrundz B
  4    $0004   1       44.4    50.9  Skrundz C
  5    $0005   1       40.6    46.6  To Skrundz 
  6    $0006   1       66.6    76.3  Hands off to Skrundz 
  7    $0007   1       66.6    76.3  Dishes to Skrundz 
  8    $0008   1       50.6    58.1  Finds Skrundz 
  9    $0009   1       73.7    84.5  Nice Feed to Skrundz 

Total 9 Playlists
