NBA on NBC (c) 1998 Midway - TIMK : Creature Black (04/07/99 14:29:14) page 1

PLBUILD version 3.0G

Bank Information
----------------

Bank name: SC_CREAT.BNK

Size of .BNK file including header: 34136 bytes ($8558 bytes)

Size of playlist table: 40 bytes ($28 bytes)

Size of playlist and sound data only: 33962 bytes ($84AA bytes)

Checksum: $26C0

Total number of playlists: 9 ($9)

Total number of sound files: 9 ($9)

Average bit rate for bank: 25.2 kbits/sec

Total linear amount of sound: 0:10.744 (min:sec.msec)



Playlist Table

  Dec  Hex   # Trks  Video  Pinball  Description
  ---- ----- ------ ------- -------  -----------
  1    $0001   1      104.2   119.5  The Creature from the Black Lagoon
  2    $0002   1       38.9    44.6  The Creature A
  3    $0003   1       77.9    89.3  The Creature B
  4    $0004   1       62.4    71.5  The Creature C
  5    $0005   1       40.6    46.6  To The Creature
  6    $0006   1       63.2    72.5  Hands off to The Creature
  7    $0007   1       68.2    78.2  Dishes to The Creature
  8    $0008   1       54.8    62.9  Finds The Creature
  9    $0009   1       75.8    86.9  Nice Feed to The Creature

Total 9 Playlists
