NBA on NBC (c) 1998 Midway - TIMK : Dave Grossman (03/22/99 01:58:35) page 1

PLBUILD version 3.0G

Bank Information
----------------

Bank name: SC_DGROS.BNK

Size of .BNK file including header: 31260 bytes ($7A1C bytes)

Size of playlist table: 40 bytes ($28 bytes)

Size of playlist and sound data only: 31086 bytes ($796E bytes)

Checksum: $6213

Total number of playlists: 9 ($9)

Total number of sound files: 9 ($9)

Average bit rate for bank: 27.2 kbits/sec

Total linear amount of sound: 0:09.108 (min:sec.msec)



Playlist Table

  Dec  Hex   # Trks  Video  Pinball  Description
  ---- ----- ------ ------- -------  -----------
  1    $0001   1       63.6    73.0  Dave Grossman
  2    $0002   1       37.3    42.7  Grossman A
  3    $0003   1       64.0    73.4  Grossman B
  4    $0004   1       44.4    50.9  Grossman C
  5    $0005   1       42.3    48.5  To Grossman 
  6    $0006   1       58.2    66.7  Hands off to Grossman 
  7    $0007   1       65.7    75.4  Dishes to Grossman 
  8    $0008   1       51.5    59.0  Finds Grossman 
  9    $0009   1       69.9    80.2  Nice Feed to Grossman 

Total 9 Playlists
