NBA on NBC (c) 1998 Midway - TIMK : Darryl Armstro (04/14/99 14:54:04) page 1

PLBUILD version 3.0G

Bank Information
----------------

Bank name: SC_DARMS.BNK

Size of .BNK file including header: 36362 bytes ($8E0A bytes)

Size of playlist table: 40 bytes ($28 bytes)

Size of playlist and sound data only: 36188 bytes ($8D5C bytes)

Checksum: $4FA8

Total number of playlists: 9 ($9)

Total number of sound files: 9 ($9)

Average bit rate for bank: 29.4 kbits/sec

Total linear amount of sound: 0:09.792 (min:sec.msec)



Playlist Table

  Dec  Hex   # Trks  Video  Pinball  Description
  ---- ----- ------ ------- -------  -----------
  1    $0001   1       68.2    78.2  Darryl Armstrong
  2    $0002   1       40.6    46.6  Armstrong A
  3    $0003   1       68.6    78.7  Armstrong B
  4    $0004   1       49.8    57.1  Armstrong C
  5    $0005   1       46.9    53.8  To Armstrong
  6    $0006   1       61.5    70.6  Hands off to Armstrong
  7    $0007   1       69.5    79.7  Dishes to Armstrong
  8    $0008   1       53.2    61.0  Finds Armstrong
  9    $0009   1       75.8    86.9  Nice Feed to Armstrong

Total 9 Playlists
