NBA on NBC (c) 1998 Midway - TIMK : Dan Thompson (03/16/99 00:42:01) page 1

PLBUILD version 3.0G

Bank Information
----------------

Bank name: SC_DTHOM.BNK

Size of .BNK file including header: 31714 bytes ($7BE2 bytes)

Size of playlist table: 40 bytes ($28 bytes)

Size of playlist and sound data only: 31540 bytes ($7B34 bytes)

Checksum: $02F7

Total number of playlists: 9 ($9)

Total number of sound files: 9 ($9)

Average bit rate for bank: 28.4 kbits/sec

Total linear amount of sound: 0:08.824 (min:sec.msec)



Playlist Table

  Dec  Hex   # Trks  Video  Pinball  Description
  ---- ----- ------ ------- -------  -----------
  1    $0001   1       67.0    76.8  Dan Thompson
  2    $0002   1       33.9    38.9  Thompson A
  3    $0003   1       59.9    68.6  Thompson B
  4    $0004   1       36.4    41.8  Thompson C
  5    $0005   1       40.6    46.6  To Thompson 
  6    $0006   1       57.8    66.2  Hands off to Thompson 
  7    $0007   1       59.9    68.6  Dishes to Thompson 
  8    $0008   1       51.9    59.5  Finds Thompson 
  9    $0009   1       74.5    85.4  Nice Feed to Thompson 

Total 9 Playlists
