NBA on NBC (c) 1998 Midway - TIMK : Dice  (03/23/99 02:03:22) page 1

PLBUILD version 3.0G

Bank Information
----------------

Bank name: SC_DICE.BNK

Size of .BNK file including header: 27926 bytes ($6D16 bytes)

Size of playlist table: 40 bytes ($28 bytes)

Size of playlist and sound data only: 27752 bytes ($6C68 bytes)

Checksum: $3B66

Total number of playlists: 9 ($9)

Total number of sound files: 9 ($9)

Average bit rate for bank: 29.1 kbits/sec

Total linear amount of sound: 0:07.596 (min:sec.msec)



Playlist Table

  Dec  Hex   # Trks  Video  Pinball  Description
  ---- ----- ------ ------- -------  -----------
  1    $0001   1       32.2    37.0  Dice 
  2    $0002   1       29.7    34.1  Dice A
  3    $0003   1       58.2    66.7  Dice B
  4    $0004   1       31.8    36.5  Dice C
  5    $0005   1       35.2    40.3  To Dice
  6    $0006   1       54.0    61.9  Hands Off to Dice
  7    $0007   1       54.8    62.9  Dishes to Dice
  8    $0008   1       46.0    52.8  Finds Dice
  9    $0009   1       72.4    83.0  Nice Feed to Dice

Total 9 Playlists
