NBA on NBC (c) 1998 Midway - TIMK : Dart  (03/23/99 02:03:21) page 1

PLBUILD version 3.0G

Bank Information
----------------

Bank name: SC_DART.BNK

Size of .BNK file including header: 21924 bytes ($55A4 bytes)

Size of playlist table: 40 bytes ($28 bytes)

Size of playlist and sound data only: 21750 bytes ($54F6 bytes)

Checksum: $B167

Total number of playlists: 9 ($9)

Total number of sound files: 9 ($9)

Average bit rate for bank: 25.6 kbits/sec

Total linear amount of sound: 0:06.743 (min:sec.msec)



Playlist Table

  Dec  Hex   # Trks  Video  Pinball  Description
  ---- ----- ------ ------- -------  -----------
  1    $0001   1       25.5    29.3  Dart 
  2    $0002   1       25.5    29.3  Dart A
  3    $0003   1       43.9    50.4  Dart B
  4    $0004   1       28.5    32.6  Dart C
  5    $0005   1       31.8    36.5  To Dart
  6    $0006   1       51.5    59.0  Hands Off to Dart
  7    $0007   1       53.6    61.4  Dishes to Dart
  8    $0008   1       48.1    55.2  Finds Dart
  9    $0009   1       60.3    69.1  Nice Feed to Dart

Total 9 Playlists
