NBA on NBC (c) 1998 Midway - TIMK : Ed Keenan (03/21/99 23:54:56) page 1

PLBUILD version 3.0G

Bank Information
----------------

Bank name: SC_EKEEN.BNK

Size of .BNK file including header: 30380 bytes ($76AC bytes)

Size of playlist table: 40 bytes ($28 bytes)

Size of playlist and sound data only: 30206 bytes ($75FE bytes)

Checksum: $317E

Total number of playlists: 9 ($9)

Total number of sound files: 9 ($9)

Average bit rate for bank: 27.8 kbits/sec

Total linear amount of sound: 0:08.632 (min:sec.msec)



Playlist Table

  Dec  Hex   # Trks  Video  Pinball  Description
  ---- ----- ------ ------- -------  -----------
  1    $0001   1       61.1    70.1  Ed Keenan
  2    $0002   1       31.4    36.0  Keenan A
  3    $0003   1       58.6    67.2  Keenan B
  4    $0004   1       40.6    46.6  Keenan C
  5    $0005   1       36.4    41.8  To Keenan 
  6    $0006   1       59.0    67.7  Hands off to Keenan 
  7    $0007   1       62.4    71.5  Dishes to Keenan 
  8    $0008   1       50.2    57.6  Finds Keenan 
  9    $0009   1       71.2    81.6  Nice Feed to Keenan 

Total 9 Playlists
