NBA on NBC (c) 1998 Midway - TIMK : Lia  (03/15/99 14:40:55) page 1

PLBUILD version 3.0G

Bank Information
----------------

Bank name: SC_FEMAL.BNK

Size of .BNK file including header: 30916 bytes ($78C4 bytes)

Size of playlist table: 40 bytes ($28 bytes)

Size of playlist and sound data only: 30742 bytes ($7816 bytes)

Checksum: $C970

Total number of playlists: 9 ($9)

Total number of sound files: 9 ($9)

Average bit rate for bank: 31.4 kbits/sec

Total linear amount of sound: 0:07.795 (min:sec.msec)



Playlist Table

  Dec  Hex   # Trks  Video  Pinball  Description
  ---- ----- ------ ------- -------  -----------
  1    $0001   1       42.7    49.0  Lia 
  2    $0002   1       31.4    36.0  Lia A
  3    $0003   1       56.1    64.3  Lia B
  4    $0004   1       42.7    49.0  Lia C
  5    $0005   1       32.2    37.0  To Lia
  6    $0006   1       56.5    64.8  Hands Off to Lia
  7    $0007   1       56.5    64.8  Dishes to Lia
  8    $0008   1       45.6    52.3  Finds Lia
  9    $0009   1       61.9    71.0  Nice Feed to Lia

Total 9 Playlists
