NBA on NBC (c) 1998 Midway - TIMK : Frost  (03/23/99 02:03:24) page 1

PLBUILD version 3.0G

Bank Information
----------------

Bank name: SC_FROST.BNK

Size of .BNK file including header: 27466 bytes ($6B4A bytes)

Size of playlist table: 40 bytes ($28 bytes)

Size of playlist and sound data only: 27292 bytes ($6A9C bytes)

Checksum: $8133

Total number of playlists: 9 ($9)

Total number of sound files: 9 ($9)

Average bit rate for bank: 27.6 kbits/sec

Total linear amount of sound: 0:07.864 (min:sec.msec)



Playlist Table

  Dec  Hex   # Trks  Video  Pinball  Description
  ---- ----- ------ ------- -------  -----------
  1    $0001   1       33.5    38.4  Frost 
  2    $0002   1       32.6    37.4  Frost A
  3    $0003   1       56.5    64.8  Frost B
  4    $0004   1       34.7    39.8  Frost C
  5    $0005   1       35.2    40.3  To Frost
  6    $0006   1       59.4    68.2  Hands Off to Frost
  7    $0007   1       62.8    72.0  Dishes to Frost
  8    $0008   1       50.2    57.6  Finds Frost
  9    $0009   1       65.3    74.9  Nice Feed to Frost

Total 9 Playlists
