NBA on NBC (c) 1998 Midway - TIMK : Frankenstein  (03/15/99 14:40:56) page 1

PLBUILD version 3.0G

Bank Information
----------------

Bank name: SC_FRANK.BNK

Size of .BNK file including header: 39244 bytes ($994C bytes)

Size of playlist table: 40 bytes ($28 bytes)

Size of playlist and sound data only: 39070 bytes ($989E bytes)

Checksum: $7768

Total number of playlists: 9 ($9)

Total number of sound files: 9 ($9)

Average bit rate for bank: 28.4 kbits/sec

Total linear amount of sound: 0:10.952 (min:sec.msec)



Playlist Table

  Dec  Hex   # Trks  Video  Pinball  Description
  ---- ----- ------ ------- -------  -----------
  1    $0001   1       70.7    81.1  Frankenstein 
  2    $0002   1       49.8    57.1  Frankenstein A
  3    $0003   1       69.5    79.7  Frankenstein B
  4    $0004   1       64.5    73.9  Frankenstein C
  5    $0005   1       50.2    57.6  To Frankenstein
  6    $0006   1       72.8    83.5  Hands Off to Frankenstein
  7    $0007   1       67.0    76.8  Dishes to Frankenstein
  8    $0008   1       60.3    69.1  Finds Frankenstein
  9    $0009   1       92.9   106.6  Nice Feed to Frankenstein

Total 9 Playlists
