NBA on NBC (c) 1998 Midway - TIMK : Falcon  (03/23/99 02:03:23) page 1

PLBUILD version 3.0G

Bank Information
----------------

Bank name: SC_FALCO.BNK

Size of .BNK file including header: 27618 bytes ($6BE2 bytes)

Size of playlist table: 40 bytes ($28 bytes)

Size of playlist and sound data only: 27444 bytes ($6B34 bytes)

Checksum: $E3C3

Total number of playlists: 9 ($9)

Total number of sound files: 9 ($9)

Average bit rate for bank: 26.7 kbits/sec

Total linear amount of sound: 0:08.172 (min:sec.msec)



Playlist Table

  Dec  Hex   # Trks  Video  Pinball  Description
  ---- ----- ------ ------- -------  -----------
  1    $0001   1       41.9    48.0  Falcon 
  2    $0002   1       33.1    37.9  Falcon A
  3    $0003   1       61.5    70.6  Falcon B
  4    $0004   1       36.8    42.2  Falcon C
  5    $0005   1       36.8    42.2  To Falcon
  6    $0006   1       60.7    69.6  Hands Off to Falcon
  7    $0007   1       58.6    67.2  Dishes to Falcon
  8    $0008   1       48.6    55.7  Finds Falcon
  9    $0009   1       67.8    77.8  Nice Feed to Falcon

Total 9 Playlists
