NBA on NBC (c) 1998 Midway - TIMK : Grandpa  (03/23/99 02:03:24) page 1

PLBUILD version 3.0G

Bank Information
----------------

Bank name: SC_GRAND.BNK

Size of .BNK file including header: 31934 bytes ($7CBE bytes)

Size of playlist table: 40 bytes ($28 bytes)

Size of playlist and sound data only: 31760 bytes ($7C10 bytes)

Checksum: $6C50

Total number of playlists: 9 ($9)

Total number of sound files: 9 ($9)

Average bit rate for bank: 26.6 kbits/sec

Total linear amount of sound: 0:09.516 (min:sec.msec)



Playlist Table

  Dec  Hex   # Trks  Video  Pinball  Description
  ---- ----- ------ ------- -------  -----------
  1    $0001   1       61.1    70.1  Grandpa 
  2    $0002   1       41.9    48.0  Grandpa A
  3    $0003   1       68.2    78.2  Grandpa B
  4    $0004   1       52.7    60.5  Grandpa C
  5    $0005   1       43.5    49.9  To Grandpa
  6    $0006   1       62.4    71.5  Hands Off to Grandpa
  7    $0007   1       66.6    76.3  Dishes to Grandpa
  8    $0008   1       52.3    60.0  Finds Grandpa
  9    $0009   1       70.3    80.6  Nice Feed to Grandpa

Total 9 Playlists
