NBA on NBC (c) 1998 Midway - TIMK : The Phoenix Go (03/15/99 14:40:56) page 1

PLBUILD version 3.0G

Bank Information
----------------

Bank name: SC_GORIL.BNK

Size of .BNK file including header: 32996 bytes ($80E4 bytes)

Size of playlist table: 40 bytes ($28 bytes)

Size of playlist and sound data only: 32822 bytes ($8036 bytes)

Checksum: $3F3E

Total number of playlists: 9 ($9)

Total number of sound files: 9 ($9)

Average bit rate for bank: 28.3 kbits/sec

Total linear amount of sound: 0:09.224 (min:sec.msec)



Playlist Table

  Dec  Hex   # Trks  Video  Pinball  Description
  ---- ----- ------ ------- -------  -----------
  1    $0001   1       81.6    93.6  The Phoenix Gorilla 
  2    $0002   1       39.8    45.6  The Gorilla A
  3    $0003   1       64.0    73.4  The Gorilla B
  4    $0004   1       39.3    45.1  The Gorilla C
  5    $0005   1       38.9    44.6  To The Gorilla
  6    $0006   1       58.6    67.2  Hands Off to The Gorilla
  7    $0007   1       60.7    69.6  Dishes to The Gorilla
  8    $0008   1       51.5    59.0  Finds The Gorilla
  9    $0009   1       68.6    78.7  Nice Feed to The Gorilla

Total 9 Playlists
