NBA on NBC (c) 1998 Midway - TIMK : Turbo (houston (03/24/99 03:07:37) page 1

PLBUILD version 3.0G

Bank Information
----------------

Bank name: SC_HBEAR.BNK

Size of .BNK file including header: 32454 bytes ($7EC6 bytes)

Size of playlist table: 40 bytes ($28 bytes)

Size of playlist and sound data only: 32280 bytes ($7E18 bytes)

Checksum: $E6A9

Total number of playlists: 9 ($9)

Total number of sound files: 9 ($9)

Average bit rate for bank: 28.4 kbits/sec

Total linear amount of sound: 0:09.055 (min:sec.msec)



Playlist Table

  Dec  Hex   # Trks  Video  Pinball  Description
  ---- ----- ------ ------- -------  -----------
  1    $0001   1       72.4    83.0  Turbo the Bear
  2    $0002   1       34.3    39.4  Turbo A
  3    $0003   1       62.8    72.0  Turbo B
  4    $0004   1       50.2    57.6  Turbo C
  5    $0005   1       39.3    45.1  To Turbo
  6    $0006   1       58.6    67.2  Hands Off to Turbo
  7    $0007   1       54.8    62.9  Dishes to Turbo
  8    $0008   1       52.7    60.5  Finds Turbo
  9    $0009   1       68.2    78.2  Nice Feed to Turbo

Total 9 Playlists
