NBA on NBC (c) 1998 Midway - TIMK : Hugo the Horne (03/15/99 14:40:58) page 1

PLBUILD version 3.0G

Bank Information
----------------

Bank name: SC_HORN.BNK

Size of .BNK file including header: 30698 bytes ($77EA bytes)

Size of playlist table: 40 bytes ($28 bytes)

Size of playlist and sound data only: 30524 bytes ($773C bytes)

Checksum: $3B84

Total number of playlists: 9 ($9)

Total number of sound files: 9 ($9)

Average bit rate for bank: 28.7 kbits/sec

Total linear amount of sound: 0:08.471 (min:sec.msec)



Playlist Table

  Dec  Hex   # Trks  Video  Pinball  Description
  ---- ----- ------ ------- -------  -----------
  1    $0001   1       57.8    66.2  Hugo the Hornet 
  2    $0002   1       35.2    40.3  Hugo A
  3    $0003   1       55.2    63.4  Hugo B
  4    $0004   1       46.9    53.8  Hugo C
  5    $0005   1       36.0    41.3  To Hugo
  6    $0006   1       56.9    65.3  Hands Off to Hugo
  7    $0007   1       56.5    64.8  Dishes to Hugo
  8    $0008   1       46.9    53.8  Finds Hugo
  9    $0009   1       71.2    81.6  Nice Feed to Hugo

Total 9 Playlists
