NBA on NBC (c) 1998 Midway - TIMK : Harry the Hawk (03/15/99 14:40:57) page 1

PLBUILD version 3.0G

Bank Information
----------------

Bank name: SC_HAWK.BNK

Size of .BNK file including header: 27788 bytes ($6C8C bytes)

Size of playlist table: 40 bytes ($28 bytes)

Size of playlist and sound data only: 27614 bytes ($6BDE bytes)

Checksum: $5A8C

Total number of playlists: 9 ($9)

Total number of sound files: 9 ($9)

Average bit rate for bank: 27.8 kbits/sec

Total linear amount of sound: 0:07.910 (min:sec.msec)



Playlist Table

  Dec  Hex   # Trks  Video  Pinball  Description
  ---- ----- ------ ------- -------  -----------
  1    $0001   1       57.3    65.8  Harry the Hawk 
  2    $0002   1       33.5    38.4  The Hawk A
  3    $0003   1       46.9    53.8  The Hawk B
  4    $0004   1       36.0    41.3  The Hawk C
  5    $0005   1       37.7    43.2  To The Hawk
  6    $0006   1       59.4    68.2  Hands Off to The Hawk
  7    $0007   1       51.9    59.5  Dishes to The Hawk
  8    $0008   1       43.5    49.9  Finds The Hawk
  9    $0009   1       65.7    75.4  Nice Feed to The Hawk

Total 9 Playlists
