NBA on NBC (c) 1998 Midway - TIMK : Isiah Thomas (03/16/99 00:42:03) page 1

PLBUILD version 3.0G

Bank Information
----------------

Bank name: SC_ITHOM.BNK

Size of .BNK file including header: 32806 bytes ($8026 bytes)

Size of playlist table: 40 bytes ($28 bytes)

Size of playlist and sound data only: 32632 bytes ($7F78 bytes)

Checksum: $1481

Total number of playlists: 9 ($9)

Total number of sound files: 9 ($9)

Average bit rate for bank: 30.2 kbits/sec

Total linear amount of sound: 0:08.602 (min:sec.msec)



Playlist Table

  Dec  Hex   # Trks  Video  Pinball  Description
  ---- ----- ------ ------- -------  -----------
  1    $0001   1       83.7    96.0  Isiah Thomas
  2    $0002   1       29.3    33.6  Thomas A
  3    $0003   1       49.0    56.2  Thomas B
  4    $0004   1       36.8    42.2  Thomas C
  5    $0005   1       38.9    44.6  To Thomas
  6    $0006   1       51.5    59.0  Hands off to Thomas
  7    $0007   1       54.8    62.9  Dishes to Thomas
  8    $0008   1       59.9    68.6  Finds Thomas
  9    $0009   1       65.3    74.9  Nice Feed to Thomas

Total 9 Playlists
