NBA on NBC (c) 1998 Midway - TIMK : John Root (03/16/99 00:42:06) page 1

PLBUILD version 3.0G

Bank Information
----------------

Bank name: SC_JROOT.BNK

Size of .BNK file including header: 25750 bytes ($6496 bytes)

Size of playlist table: 40 bytes ($28 bytes)

Size of playlist and sound data only: 25576 bytes ($63E8 bytes)

Checksum: $A122

Total number of playlists: 9 ($9)

Total number of sound files: 9 ($9)

Average bit rate for bank: 26.8 kbits/sec

Total linear amount of sound: 0:07.580 (min:sec.msec)



Playlist Table

  Dec  Hex   # Trks  Video  Pinball  Description
  ---- ----- ------ ------- -------  -----------
  1    $0001   1       59.9    68.6  John Root
  2    $0002   1       25.5    29.3  Root A
  3    $0003   1       66.6    76.3  Root B
  4    $0004   1       25.1    28.8  Root C
  5    $0005   1       30.1    34.6  To Root 
  6    $0006   1       51.5    59.0  Hands off to Root 
  7    $0007   1       48.6    55.7  Dishes to Root 
  8    $0008   1       42.3    48.5  Finds Root 
  9    $0009   1       64.0    73.4  Nice Feed to Root

Total 9 Playlists
