NBA on NBC (c) 1998 Midway - TIMK : Jason Skiles (03/21/99 23:54:57) page 1

PLBUILD version 3.0G

Bank Information
----------------

Bank name: SC_JSKIL.BNK

Size of .BNK file including header: 36264 bytes ($8DA8 bytes)

Size of playlist table: 40 bytes ($28 bytes)

Size of playlist and sound data only: 36090 bytes ($8CFA bytes)

Checksum: $ED15

Total number of playlists: 9 ($9)

Total number of sound files: 9 ($9)

Average bit rate for bank: 29.1 kbits/sec

Total linear amount of sound: 0:09.884 (min:sec.msec)



Playlist Table

  Dec  Hex   # Trks  Video  Pinball  Description
  ---- ----- ------ ------- -------  -----------
  1    $0001   1       82.0    94.1  Jason Skiles
  2    $0002   1       43.1    49.4  Skiles A
  3    $0003   1       63.6    73.0  Skiles B
  4    $0004   1       51.5    59.0  Skiles C
  5    $0005   1       43.1    49.4  To Skiles 
  6    $0006   1       67.0    76.8  Hands off to Skiles 
  7    $0007   1       64.9    74.4  Dishes to Skiles 
  8    $0008   1       47.7    54.7  Finds Skiles 
  9    $0009   1       77.0    88.3  Nice Feed to Skiles 

Total 9 Playlists
