NBA on NBC (c) 1998 Midway - TIMK : Jeff Johnson (03/16/99 00:42:03) page 1

PLBUILD version 3.0G

Bank Information
----------------

Bank name: SC_JAPPL.BNK

Size of .BNK file including header: 30784 bytes ($7840 bytes)

Size of playlist table: 40 bytes ($28 bytes)

Size of playlist and sound data only: 30610 bytes ($7792 bytes)

Checksum: $D60F

Total number of playlists: 9 ($9)

Total number of sound files: 9 ($9)

Average bit rate for bank: 28.0 kbits/sec

Total linear amount of sound: 0:08.709 (min:sec.msec)



Playlist Table

  Dec  Hex   # Trks  Video  Pinball  Description
  ---- ----- ------ ------- -------  -----------
  1    $0001   1       73.2    84.0  Jeff Johnson
  2    $0002   1       33.1    37.9  Japple A
  3    $0003   1       58.6    67.2  Japple B
  4    $0004   1       38.1    43.7  Japple C
  5    $0005   1       37.3    42.7  To Japple 
  6    $0006   1       58.6    67.2  Hands off to Japple 
  7    $0007   1       57.8    66.2  Dishes to Japple 
  8    $0008   1       49.0    56.2  Finds Japple 
  9    $0009   1       69.5    79.7  Nice Feed to Japple 

Total 9 Playlists
