NBA on NBC (c) 1998 Midway - TIMK : Jim Tiannis (03/22/99 01:58:35) page 1

PLBUILD version 3.0G

Bank Information
----------------

Bank name: SC_JTIAN.BNK

Size of .BNK file including header: 35940 bytes ($8C64 bytes)

Size of playlist table: 40 bytes ($28 bytes)

Size of playlist and sound data only: 35766 bytes ($8BB6 bytes)

Checksum: $6ADD

Total number of playlists: 9 ($9)

Total number of sound files: 9 ($9)

Average bit rate for bank: 28.9 kbits/sec

Total linear amount of sound: 0:09.869 (min:sec.msec)



Playlist Table

  Dec  Hex   # Trks  Video  Pinball  Description
  ---- ----- ------ ------- -------  -----------
  1    $0001   1       73.7    84.5  Jim Tiannis
  2    $0002   1       40.6    46.6  Tiannis A
  3    $0003   1       67.0    76.8  Tiannis B
  4    $0004   1       47.7    54.7  Tiannis C
  5    $0005   1       44.8    51.4  To Tiannis 
  6    $0006   1       63.6    73.0  Hands off to Tiannis 
  7    $0007   1       72.4    83.0  Dishes to Tiannis 
  8    $0008   1       47.7    54.7  Finds Tiannis 
  9    $0009   1       80.8    92.6  Nice Feed to Tiannis 

Total 9 Playlists
