NBA on NBC (c) 1998 Midway - TIMK : Jennifer Hedri (03/16/99 00:42:05) page 1

PLBUILD version 3.0G

Bank Information
----------------

Bank name: SC_JHEDR.BNK

Size of .BNK file including header: 26352 bytes ($66F0 bytes)

Size of playlist table: 40 bytes ($28 bytes)

Size of playlist and sound data only: 26178 bytes ($6642 bytes)

Checksum: $AF57

Total number of playlists: 9 ($9)

Total number of sound files: 9 ($9)

Average bit rate for bank: 26.3 kbits/sec

Total linear amount of sound: 0:07.910 (min:sec.msec)



Playlist Table

  Dec  Hex   # Trks  Video  Pinball  Description
  ---- ----- ------ ------- -------  -----------
  1    $0001   1       62.4    71.5  Jennifer Hedrick
  2    $0002   1       30.1    34.6  Hedrick A
  3    $0003   1       50.2    57.6  Hedrick B
  4    $0004   1       33.5    38.4  Hedrick C
  5    $0005   1       33.9    38.9  To Hedrick 
  6    $0006   1       53.6    61.4  Hands off to Hedrick 
  7    $0007   1       54.8    62.9  Dishes to Hedrick 
  8    $0008   1       44.4    50.9  Finds Hedrick 
  9    $0009   1       68.2    78.2  Nice Feed to Hedrick

Total 9 Playlists
