NBA on NBC (c) 1998 Midway - TIMK : Jim Gentile (03/16/99 00:42:04) page 1

PLBUILD version 3.0G

Bank Information
----------------

Bank name: SC_JGENT.BNK

Size of .BNK file including header: 36814 bytes ($8FCE bytes)

Size of playlist table: 40 bytes ($28 bytes)

Size of playlist and sound data only: 36640 bytes ($8F20 bytes)

Checksum: $FA87

Total number of playlists: 9 ($9)

Total number of sound files: 9 ($9)

Average bit rate for bank: 29.0 kbits/sec

Total linear amount of sound: 0:10.076 (min:sec.msec)



Playlist Table

  Dec  Hex   # Trks  Video  Pinball  Description
  ---- ----- ------ ------- -------  -----------
  1    $0001   1       82.5    94.6  Jim Gentile
  2    $0002   1       40.6    46.6  Gentile A
  3    $0003   1       71.6    82.1  Gentile B
  4    $0004   1       49.0    56.2  Gentile C
  5    $0005   1       43.1    49.4  To Gentile 
  6    $0006   1       70.3    80.6  Hands off to Gentile 
  7    $0007   1       59.0    67.7  Dishes to Gentile 
  8    $0008   1       53.6    61.4  Finds Gentile 
  9    $0009   1       79.9    91.7  Nice Feed to Gentile

Total 9 Playlists
