NBA on NBC (c) 1998 Midway - TIMK : Spacey  (03/15/99 14:40:59) page 1

PLBUILD version 3.0G

Bank Information
----------------

Bank name: SC_JAM.BNK

Size of .BNK file including header: 34880 bytes ($8840 bytes)

Size of playlist table: 40 bytes ($28 bytes)

Size of playlist and sound data only: 34706 bytes ($8792 bytes)

Checksum: $DDC8

Total number of playlists: 9 ($9)

Total number of sound files: 9 ($9)

Average bit rate for bank: 31.1 kbits/sec

Total linear amount of sound: 0:08.886 (min:sec.msec)



Playlist Table

  Dec  Hex   # Trks  Video  Pinball  Description
  ---- ----- ------ ------- -------  -----------
  1    $0001   1       45.6    52.3  Spacey 
  2    $0002   1       36.0    41.3  Spacey A
  3    $0003   1       56.9    65.3  Spacey B
  4    $0004   1       49.8    57.1  Spacey C
  5    $0005   1       40.2    46.1  To Spacey
  6    $0006   1       58.2    66.7  Hands Off to Spacey
  7    $0007   1       67.8    77.8  Dishes to Spacey
  8    $0008   1       54.8    62.9  Finds Spacey
  9    $0009   1       75.3    86.4  Nice Feed to Spacey

Total 9 Playlists
