NBA on NBC (c) 1998 Midway - TIMK : Jon Hey (03/16/99 00:42:05) page 1

PLBUILD version 3.0G

Bank Information
----------------

Bank name: SC_JHEY.BNK

Size of .BNK file including header: 33982 bytes ($84BE bytes)

Size of playlist table: 40 bytes ($28 bytes)

Size of playlist and sound data only: 33808 bytes ($8410 bytes)

Checksum: $CB6C

Total number of playlists: 9 ($9)

Total number of sound files: 9 ($9)

Average bit rate for bank: 30.5 kbits/sec

Total linear amount of sound: 0:08.824 (min:sec.msec)



Playlist Table

  Dec  Hex   # Trks  Video  Pinball  Description
  ---- ----- ------ ------- -------  -----------
  1    $0001   1       64.9    74.4  Jon Hey
  2    $0002   1       28.5    32.6  Hey A
  3    $0003   1       49.0    56.2  Hey B
  4    $0004   1       59.9    68.6  Hey C
  5    $0005   1       36.4    41.8  To Hey 
  6    $0006   1       57.8    66.2  Hands off to Hey 
  7    $0007   1       57.8    66.2  Dishes to Hey 
  8    $0008   1       46.9    53.8  Finds Hey 
  9    $0009   1       80.4    92.2  Nice Feed to Hey

Total 9 Playlists
