NBA on NBC (c) 1998 Midway - TIMK : Jack-O  (03/23/99 02:03:26) page 1

PLBUILD version 3.0G

Bank Information
----------------

Bank name: SC_JACKO.BNK

Size of .BNK file including header: 30572 bytes ($776C bytes)

Size of playlist table: 40 bytes ($28 bytes)

Size of playlist and sound data only: 30398 bytes ($76BE bytes)

Checksum: $B548

Total number of playlists: 9 ($9)

Total number of sound files: 9 ($9)

Average bit rate for bank: 27.7 kbits/sec

Total linear amount of sound: 0:08.724 (min:sec.msec)



Playlist Table

  Dec  Hex   # Trks  Video  Pinball  Description
  ---- ----- ------ ------- -------  -----------
  1    $0001   1       50.6    58.1  Jack-O 
  2    $0002   1       36.8    42.2  Jack-O A
  3    $0003   1       64.5    73.9  Jack-O B
  4    $0004   1       46.0    52.8  Jack-O C
  5    $0005   1       38.9    44.6  To Jack-O
  6    $0006   1       61.1    70.1  Hands Off to Jack-O
  7    $0007   1       59.9    68.6  Dishes to Jack-O
  8    $0008   1       50.6    58.1  Finds Jack-O
  9    $0009   1       67.4    77.3  Nice Feed to Jack-O

Total 9 Playlists
