NBA on NBC (c) 1998 Midway - TIMK : Kerri  (03/15/99 14:40:59) page 1

PLBUILD version 3.0G

Bank Information
----------------

Bank name: SC_KHOSK.BNK

Size of .BNK file including header: 29094 bytes ($71A6 bytes)

Size of playlist table: 40 bytes ($28 bytes)

Size of playlist and sound data only: 28920 bytes ($70F8 bytes)

Checksum: $576D

Total number of playlists: 9 ($9)

Total number of sound files: 9 ($9)

Average bit rate for bank: 29.6 kbits/sec

Total linear amount of sound: 0:07.780 (min:sec.msec)



Playlist Table

  Dec  Hex   # Trks  Video  Pinball  Description
  ---- ----- ------ ------- -------  -----------
  1    $0001   1       38.1    43.7  Kerri 
  2    $0002   1       38.1    43.7  Kerri A
  3    $0003   1       58.6    67.2  Kerri B
  4    $0004   1       39.3    45.1  Kerri C
  5    $0005   1       34.7    39.8  To Kerri
  6    $0006   1       54.4    62.4  Hands Off to Kerri
  7    $0007   1       52.3    60.0  Dishes to Kerri
  8    $0008   1       47.3    54.2  Finds Kerri
  9    $0009   1       61.9    71.0  Nice Feed to Kerri

Total 9 Playlists
