NBA on NBC (c) 1998 Midway - TIMK : Legend  (03/23/99 02:03:26) page 1

PLBUILD version 3.0G

Bank Information
----------------

Bank name: SC_LEGEN.BNK

Size of .BNK file including header: 29964 bytes ($750C bytes)

Size of playlist table: 40 bytes ($28 bytes)

Size of playlist and sound data only: 29790 bytes ($745E bytes)

Checksum: $D550

Total number of playlists: 9 ($9)

Total number of sound files: 9 ($9)

Average bit rate for bank: 27.9 kbits/sec

Total linear amount of sound: 0:08.509 (min:sec.msec)



Playlist Table

  Dec  Hex   # Trks  Video  Pinball  Description
  ---- ----- ------ ------- -------  -----------
  1    $0001   1       47.7    54.7  Legend 
  2    $0002   1       31.4    36.0  Legend A
  3    $0003   1       62.8    72.0  Legend B
  4    $0004   1       41.9    48.0  Legend C
  5    $0005   1       34.7    39.8  To Legend
  6    $0006   1       55.7    63.8  Hands Off to Legend
  7    $0007   1       64.9    74.4  Dishes to Legend
  8    $0008   1       52.3    60.0  Finds Legend
  9    $0009   1       73.2    84.0  Nice Feed to Legend

Total 9 Playlists
