NBA on NBC (c) 1998 Midway - TIMK : Larry Wotman (03/22/99 01:58:36) page 1

PLBUILD version 3.0G

Bank Information
----------------

Bank name: SC_LWOTM.BNK

Size of .BNK file including header: 30990 bytes ($790E bytes)

Size of playlist table: 40 bytes ($28 bytes)

Size of playlist and sound data only: 30816 bytes ($7860 bytes)

Checksum: $405D

Total number of playlists: 9 ($9)

Total number of sound files: 9 ($9)

Average bit rate for bank: 27.1 kbits/sec

Total linear amount of sound: 0:09.055 (min:sec.msec)



Playlist Table

  Dec  Hex   # Trks  Video  Pinball  Description
  ---- ----- ------ ------- -------  -----------
  1    $0001   1       70.3    80.6  Larry Wotman
  2    $0002   1       34.3    39.4  Wotman A
  3    $0003   1       64.5    73.9  Wotman B
  4    $0004   1       45.2    51.8  Wotman C
  5    $0005   1       35.2    40.3  To Wotman 
  6    $0006   1       63.2    72.5  Hands off to Wotman 
  7    $0007   1       60.7    69.6  Dishes to Wotman 
  8    $0008   1       49.4    56.6  Finds Wotman 
  9    $0009   1       72.0    82.6  Nice Feed to Wotman 

Total 9 Playlists
