NBA on NBC (c) 1998 Midway - TIMK : The Mummy  (03/15/99 14:41:00) page 1

PLBUILD version 3.0G

Bank Information
----------------

Bank name: SC_MUMMY.BNK

Size of .BNK file including header: 31244 bytes ($7A0C bytes)

Size of playlist table: 40 bytes ($28 bytes)

Size of playlist and sound data only: 31070 bytes ($795E bytes)

Checksum: $B251

Total number of playlists: 9 ($9)

Total number of sound files: 9 ($9)

Average bit rate for bank: 29.4 kbits/sec

Total linear amount of sound: 0:08.417 (min:sec.msec)



Playlist Table

  Dec  Hex   # Trks  Video  Pinball  Description
  ---- ----- ------ ------- -------  -----------
  1    $0001   1       49.0    56.2  The Mummy 
  2    $0002   1       36.8    42.2  The Mummy A
  3    $0003   1       58.6    67.2  The Mummy B
  4    $0004   1       49.8    57.1  The Mummy C
  5    $0005   1       34.3    39.4  To The Mummy
  6    $0006   1       56.1    64.3  Hands Off to The Mummy
  7    $0007   1       57.8    66.2  Dishes to The Mummy
  8    $0008   1       54.4    62.4  Finds The Mummy
  9    $0009   1       63.2    72.5  Nice Feed to The Mummy

Total 9 Playlists
