NBA on NBC (c) 1998 Midway - TIMK : Matt Gilmore (03/16/99 00:42:06) page 1

PLBUILD version 3.0G

Bank Information
----------------

Bank name: SC_MGILM.BNK

Size of .BNK file including header: 32606 bytes ($7F5E bytes)

Size of playlist table: 40 bytes ($28 bytes)

Size of playlist and sound data only: 32432 bytes ($7EB0 bytes)

Checksum: $3DBB

Total number of playlists: 9 ($9)

Total number of sound files: 9 ($9)

Average bit rate for bank: 27.5 kbits/sec

Total linear amount of sound: 0:09.385 (min:sec.msec)



Playlist Table

  Dec  Hex   # Trks  Video  Pinball  Description
  ---- ----- ------ ------- -------  -----------
  1    $0001   1       77.4    88.8  Matt Gilmore
  2    $0002   1       34.7    39.8  Gilmore A
  3    $0003   1       59.4    68.2  Gilmore B
  4    $0004   1       46.9    53.8  Gilmore C
  5    $0005   1       38.9    44.6  To Gilmore 
  6    $0006   1       60.3    69.1  Hands off to Gilmore 
  7    $0007   1       61.5    70.6  Dishes to Gilmore 
  8    $0008   1       54.4    62.4  Finds Gilmore 
  9    $0009   1       78.7    90.2  Nice Feed to Gilmore

Total 9 Playlists
