NBA on NBC (c) 1998 Midway - TIMK : Mark Turmell (03/16/99 00:42:07) page 1

PLBUILD version 3.0G

Bank Information
----------------

Bank name: SC_MTURM.BNK

Size of .BNK file including header: 31058 bytes ($7952 bytes)

Size of playlist table: 40 bytes ($28 bytes)

Size of playlist and sound data only: 30884 bytes ($78A4 bytes)

Checksum: $F29D

Total number of playlists: 9 ($9)

Total number of sound files: 9 ($9)

Average bit rate for bank: 28.9 kbits/sec

Total linear amount of sound: 0:08.502 (min:sec.msec)



Playlist Table

  Dec  Hex   # Trks  Video  Pinball  Description
  ---- ----- ------ ------- -------  -----------
  1    $0001   1       63.2    72.5  Mark Turmell
  2    $0002   1       31.4    36.0  Turmell A
  3    $0003   1       49.8    57.1  Turmell B
  4    $0004   1       46.5    53.3  Turmell C
  5    $0005   1       38.9    44.6  To Turmell 
  6    $0006   1       61.9    71.0  Hands off to Turmell 
  7    $0007   1       55.2    63.4  Dishes to Turmell 
  8    $0008   1       48.6    55.7  Finds Turmell 
  9    $0009   1       68.2    78.2  Nice Feed to Turmell 

Total 9 Playlists
