NBA on NBC (c) 1999 Midway - TIMK : Mike Bibby (04/20/99 18:33:01) page 1

PLBUILD version 3.0G

Bank Information
----------------

Bank name: SC_MBIBB.BNK

Size of .BNK file including header: 26704 bytes ($6850 bytes)

Size of playlist table: 40 bytes ($28 bytes)

Size of playlist and sound data only: 26530 bytes ($67A2 bytes)

Checksum: $D322

Total number of playlists: 9 ($9)

Total number of sound files: 9 ($9)

Average bit rate for bank: 27.7 kbits/sec

Total linear amount of sound: 0:07.603 (min:sec.msec)



Playlist Table

  Dec  Hex   # Trks  Video  Pinball  Description
  ---- ----- ------ ------- -------  -----------
  1    $0001   1       62.4    71.5  Mike Bibby
  2    $0002   1       24.7    28.3  Bibby A
  3    $0003   1       53.6    61.4  Bibby B
  4    $0004   1       36.8    42.2  Bibby C
  5    $0005   1       30.1    34.6  To Bibby
  6    $0006   1       51.1    58.6  Hands Off to Bibby
  7    $0007   1       54.0    61.9  Dishes to Bibby
  8    $0008   1       41.4    47.5  Finds Bibby
  9    $0009   1       61.1    70.1  Nice Feed to Bibby

Total 9 Playlists
