NBA on NBC (c) 1998 Midway - TIMK : Mike Lynch (03/21/99 23:54:57) page 1

PLBUILD version 3.0G

Bank Information
----------------

Bank name: SC_MLYNC.BNK

Size of .BNK file including header: 28766 bytes ($705E bytes)

Size of playlist table: 40 bytes ($28 bytes)

Size of playlist and sound data only: 28592 bytes ($6FB0 bytes)

Checksum: $59C4

Total number of playlists: 9 ($9)

Total number of sound files: 9 ($9)

Average bit rate for bank: 27.6 kbits/sec

Total linear amount of sound: 0:08.248 (min:sec.msec)



Playlist Table

  Dec  Hex   # Trks  Video  Pinball  Description
  ---- ----- ------ ------- -------  -----------
  1    $0001   1       58.6    67.2  Mike Lynch
  2    $0002   1       32.2    37.0  Lynch A
  3    $0003   1       53.2    61.0  Lynch B
  4    $0004   1       37.7    43.2  Lynch C
  5    $0005   1       34.3    39.4  To Lynch 
  6    $0006   1       57.8    66.2  Hands off to Lynch 
  7    $0007   1       59.9    68.6  Dishes to Lynch 
  8    $0008   1       45.2    51.8  Finds Lynch 
  9    $0009   1       71.6    82.1  Nice Feed to Lynch 

Total 9 Playlists
