NBA on NBC (c) 1998 Midway - TIMK : The Old Man  (03/15/99 14:41:01) page 1

PLBUILD version 3.0G

Bank Information
----------------

Bank name: SC_OMAN.BNK

Size of .BNK file including header: 37720 bytes ($9358 bytes)

Size of playlist table: 40 bytes ($28 bytes)

Size of playlist and sound data only: 37546 bytes ($92AA bytes)

Checksum: $E62A

Total number of playlists: 9 ($9)

Total number of sound files: 9 ($9)

Average bit rate for bank: 29.5 kbits/sec

Total linear amount of sound: 0:10.145 (min:sec.msec)



Playlist Table

  Dec  Hex   # Trks  Video  Pinball  Description
  ---- ----- ------ ------- -------  -----------
  1    $0001   1       60.3    69.1  The Old Man 
  2    $0002   1       43.5    49.9  The Old Man A
  3    $0003   1       67.4    77.3  The Old Man B
  4    $0004   1       59.9    68.6  The Old Man C
  5    $0005   1       42.7    49.0  To The Old Man
  6    $0006   1       68.6    78.7  Hands Off to The Old Man
  7    $0007   1       73.2    84.0  Dishes to The Old Man
  8    $0008   1       61.9    71.0  Finds The Old Man
  9    $0009   1       76.2    87.4  Nice Feed to The Old Man

Total 9 Playlists
