NBA on NBC (c) 1998 Midway - TIMK : Pumpkinhead (03/15/99 15:18:21) page 1

PLBUILD version 3.0G

Bank Information
----------------

Bank name: SC_PUMPK.BNK

Size of .BNK file including header: 34990 bytes ($88AE bytes)

Size of playlist table: 40 bytes ($28 bytes)

Size of playlist and sound data only: 34816 bytes ($8800 bytes)

Checksum: $5866

Total number of playlists: 9 ($9)

Total number of sound files: 9 ($9)

Average bit rate for bank: 28.1 kbits/sec

Total linear amount of sound: 0:09.869 (min:sec.msec)



Playlist Table

  Dec  Hex   # Trks  Video  Pinball  Description
  ---- ----- ------ ------- -------  -----------
  1    $0001   1       52.3    60.0  Pumpkinhead
  2    $0002   1       40.6    46.6  Pumpkinhead A
  3    $0003   1       67.8    77.8  Pumpkinhead B
  4    $0004   1       49.8    57.1  Pumpkinhead C
  5    $0005   1       46.9    53.8  To Pumpkinhead 
  6    $0006   1       69.1    79.2  Hands off to Pumpkinhead
  7    $0007   1       79.9    91.7  Dishes to Pumpkinhead 
  8    $0008   1       51.9    59.5  Finds Pumpkinhead 
  9    $0009   1       80.8    92.6  Nice Feed to Pumpkinhead

Total 9 Playlists
