NBA on NBC (c) 1998 Midway - TIMK : Paul Martin (04/20/99 18:33:01) page 1

PLBUILD version 3.0G

Bank Information
----------------

Bank name: SC_PMART.BNK

Size of .BNK file including header: 25156 bytes ($6244 bytes)

Size of playlist table: 40 bytes ($28 bytes)

Size of playlist and sound data only: 24982 bytes ($6196 bytes)

Checksum: $E916

Total number of playlists: 9 ($9)

Total number of sound files: 9 ($9)

Average bit rate for bank: 26.0 kbits/sec

Total linear amount of sound: 0:07.642 (min:sec.msec)



Playlist Table

  Dec  Hex   # Trks  Video  Pinball  Description
  ---- ----- ------ ------- -------  -----------
  1    $0001   1       53.2    61.0  Paul Martin
  2    $0002   1       30.1    34.6  Martin A
  3    $0003   1       38.1    43.7  Martin B
  4    $0004   1       39.3    45.1  Martin C
  5    $0005   1       33.9    38.9  To Martin
  6    $0006   1       59.0    67.7  Hands off to Martin
  7    $0007   1       54.4    62.4  Dishes to Martin
  8    $0008   1       48.1    55.2  Finds Martin
  9    $0009   1       60.7    69.6  Nice Feed to Martin

Total 9 Playlists
