NBA on NBC (c) 1998 Midway - TIMK : Phat  (03/23/99 02:03:27) page 1

PLBUILD version 3.0G

Bank Information
----------------

Bank name: SC_PHAT.BNK

Size of .BNK file including header: 21462 bytes ($53D6 bytes)

Size of playlist table: 40 bytes ($28 bytes)

Size of playlist and sound data only: 21288 bytes ($5328 bytes)

Checksum: $C63F

Total number of playlists: 9 ($9)

Total number of sound files: 9 ($9)

Average bit rate for bank: 25.0 kbits/sec

Total linear amount of sound: 0:06.766 (min:sec.msec)



Playlist Table

  Dec  Hex   # Trks  Video  Pinball  Description
  ---- ----- ------ ------- -------  -----------
  1    $0001   1       25.1    28.8  Phat 
  2    $0002   1       28.0    32.2  Phat A
  3    $0003   1       44.4    50.9  Phat B
  4    $0004   1       26.0    29.8  Phat C
  5    $0005   1       31.0    35.5  To Phat
  6    $0006   1       56.1    64.3  Hands Off to Phat
  7    $0007   1       54.8    62.9  Dishes to Phat
  8    $0008   1       43.5    49.9  Finds Phat
  9    $0009   1       61.1    70.1  Nice Feed to Phat

Total 9 Playlists
