NBA on NBC (c) 1998 Midway - TIMK : Pinto  (03/23/99 02:03:28) page 1

PLBUILD version 3.0G

Bank Information
----------------

Bank name: SC_PINTO.BNK

Size of .BNK file including header: 29390 bytes ($72CE bytes)

Size of playlist table: 40 bytes ($28 bytes)

Size of playlist and sound data only: 29216 bytes ($7220 bytes)

Checksum: $0EAB

Total number of playlists: 9 ($9)

Total number of sound files: 9 ($9)

Average bit rate for bank: 27.6 kbits/sec

Total linear amount of sound: 0:08.417 (min:sec.msec)



Playlist Table

  Dec  Hex   # Trks  Video  Pinball  Description
  ---- ----- ------ ------- -------  -----------
  1    $0001   1       43.5    49.9  Pinto 
  2    $0002   1       35.6    40.8  Pinto A
  3    $0003   1       62.8    72.0  Pinto B
  4    $0004   1       45.6    52.3  Pinto C
  5    $0005   1       38.9    44.6  To Pinto
  6    $0006   1       60.3    69.1  Hands Off to Pinto
  7    $0007   1       55.7    63.8  Dishes to Pinto
  8    $0008   1       48.1    55.2  Finds Pinto
  9    $0009   1       69.9    80.2  Nice Feed to Pinto

Total 9 Playlists
