NBA on NBC (c) 1998 Midway - TIMK : Rocky  (03/24/99 03:07:36) page 1

PLBUILD version 3.0G

Bank Information
----------------

Bank name: SC_ROCKY.BNK

Size of .BNK file including header: 32158 bytes ($7D9E bytes)

Size of playlist table: 40 bytes ($28 bytes)

Size of playlist and sound data only: 31984 bytes ($7CF0 bytes)

Checksum: $7577

Total number of playlists: 9 ($9)

Total number of sound files: 9 ($9)

Average bit rate for bank: 26.7 kbits/sec

Total linear amount of sound: 0:09.523 (min:sec.msec)



Playlist Table

  Dec  Hex   # Trks  Video  Pinball  Description
  ---- ----- ------ ------- -------  -----------
  1    $0001   1      108.0   123.8  Rocky the ML
  2    $0002   1       33.9    38.9  Rocky A
  3    $0003   1       60.3    69.1  Rocky B
  4    $0004   1       40.2    46.1  Rocky C
  5    $0005   1       36.0    41.3  To Rocky
  6    $0006   1       57.8    66.2  Hands Off to Rocky
  7    $0007   1       58.6    67.2  Dishes to Rocky
  8    $0008   1       48.6    55.7  Finds Rocky
  9    $0009   1       76.2    87.4  Nice Feed to Rocky

Total 9 Playlists
