NBA on NBC (c) 1998 Midway - TIMK : The Rock  (03/23/99 02:03:30) page 1

PLBUILD version 3.0G

Bank Information
----------------

Bank name: SC_ROCK.BNK

Size of .BNK file including header: 27216 bytes ($6A50 bytes)

Size of playlist table: 40 bytes ($28 bytes)

Size of playlist and sound data only: 27042 bytes ($69A2 bytes)

Checksum: $97D8

Total number of playlists: 9 ($9)

Total number of sound files: 9 ($9)

Average bit rate for bank: 26.2 kbits/sec

Total linear amount of sound: 0:08.218 (min:sec.msec)



Playlist Table

  Dec  Hex   # Trks  Video  Pinball  Description
  ---- ----- ------ ------- -------  -----------
  1    $0001   1       37.7    43.2  The Rock 
  2    $0002   1       34.3    39.4  The Rock A
  3    $0003   1       56.9    65.3  The Rock B
  4    $0004   1       39.3    45.1  The Rock C
  5    $0005   1       38.5    44.2  To The Rock
  6    $0006   1       60.7    69.6  Hands Off to The Rock
  7    $0007   1       58.6    67.2  Dishes to The Rock
  8    $0008   1       48.6    55.7  Finds The Rock
  9    $0009   1       74.9    85.9  Nice Feed to The Rock

Total 9 Playlists
