NBA on NBC (c) 1998 Midway - TIMK : The Raptor  (03/24/99 03:07:33) page 1

PLBUILD version 3.0G

Bank Information
----------------

Bank name: SC_RAPTR.BNK

Size of .BNK file including header: 32166 bytes ($7DA6 bytes)

Size of playlist table: 40 bytes ($28 bytes)

Size of playlist and sound data only: 31992 bytes ($7CF8 bytes)

Checksum: $E659

Total number of playlists: 9 ($9)

Total number of sound files: 9 ($9)

Average bit rate for bank: 25.8 kbits/sec

Total linear amount of sound: 0:09.884 (min:sec.msec)



Playlist Table

  Dec  Hex   # Trks  Video  Pinball  Description
  ---- ----- ------ ------- -------  -----------
  1    $0001   1      110.9   127.2  The Toronto Raptor 
  2    $0002   1       33.1    37.9  The Raptor A
  3    $0003   1       66.1    75.8  The Raptor B
  4    $0004   1       44.8    51.4  The Raptor C
  5    $0005   1       40.2    46.1  To The Raptor
  6    $0006   1       59.0    67.7  Hands Off to The Raptor
  7    $0007   1       62.4    71.5  Dishes to The Raptor
  8    $0008   1       50.6    58.1  Finds The Raptor
  9    $0009   1       71.2    81.6  Nice Feed to The Raptor

Total 9 Playlists
