NBA on NBC (c) 1998 Midway - TIMK : Rob Gatson (03/16/99 00:42:08) page 1

PLBUILD version 3.0G

Bank Information
----------------

Bank name: SC_RGATS.BNK

Size of .BNK file including header: 31174 bytes ($79C6 bytes)

Size of playlist table: 40 bytes ($28 bytes)

Size of playlist and sound data only: 31000 bytes ($7918 bytes)

Checksum: $F498

Total number of playlists: 9 ($9)

Total number of sound files: 9 ($9)

Average bit rate for bank: 26.9 kbits/sec

Total linear amount of sound: 0:09.162 (min:sec.msec)



Playlist Table

  Dec  Hex   # Trks  Video  Pinball  Description
  ---- ----- ------ ------- -------  -----------
  1    $0001   1       74.5    85.4  Rob Gatson
  2    $0002   1       37.7    43.2  Gatson A
  3    $0003   1       57.3    65.8  Gatson B
  4    $0004   1       41.4    47.5  Gatson C
  5    $0005   1       38.1    43.7  To Gatson 
  6    $0006   1       61.5    70.6  Hands off to Gatson 
  7    $0007   1       57.8    66.2  Dishes to Gatson 
  8    $0008   1       53.2    61.0  Finds Gatson 
  9    $0009   1       78.3    89.8  Nice Feed to Gatson

Total 9 Playlists
