NBA on NBC (c) 1998 Midway - TIMK : Stallion  (03/23/99 02:03:32) page 1

PLBUILD version 3.0G

Bank Information
----------------

Bank name: SC_STALL.BNK

Size of .BNK file including header: 32298 bytes ($7E2A bytes)

Size of playlist table: 40 bytes ($28 bytes)

Size of playlist and sound data only: 32124 bytes ($7D7C bytes)

Checksum: $9D53

Total number of playlists: 9 ($9)

Total number of sound files: 9 ($9)

Average bit rate for bank: 28.8 kbits/sec

Total linear amount of sound: 0:08.893 (min:sec.msec)



Playlist Table

  Dec  Hex   # Trks  Video  Pinball  Description
  ---- ----- ------ ------- -------  -----------
  1    $0001   1       48.1    55.2  Stallion 
  2    $0002   1       40.6    46.6  Stallion A
  3    $0003   1       65.7    75.4  Stallion B
  4    $0004   1       46.5    53.3  Stallion C
  5    $0005   1       39.8    45.6  To Stallion
  6    $0006   1       58.6    67.2  Hands Off to Stallion
  7    $0007   1       64.5    73.9  Dishes to Stallion
  8    $0008   1       50.6    58.1  Finds Stallion
  9    $0009   1       70.7    81.1  Nice Feed to Stallion

Total 9 Playlists
