NBA on NBC (c) 1998 Midway - TIMK : Shaman  (03/23/99 02:03:30) page 1

PLBUILD version 3.0G

Bank Information
----------------

Bank name: SC_SHAMA.BNK

Size of .BNK file including header: 28764 bytes ($705C bytes)

Size of playlist table: 40 bytes ($28 bytes)

Size of playlist and sound data only: 28590 bytes ($6FAE bytes)

Checksum: $BECF

Total number of playlists: 9 ($9)

Total number of sound files: 9 ($9)

Average bit rate for bank: 28.3 kbits/sec

Total linear amount of sound: 0:08.041 (min:sec.msec)



Playlist Table

  Dec  Hex   # Trks  Video  Pinball  Description
  ---- ----- ------ ------- -------  -----------
  1    $0001   1       38.5    44.2  Shaman 
  2    $0002   1       34.7    39.8  Shaman A
  3    $0003   1       58.6    67.2  Shaman B
  4    $0004   1       38.5    44.2  Shaman C
  5    $0005   1       36.4    41.8  To Shaman
  6    $0006   1       59.0    67.7  Hands Off to Shaman
  7    $0007   1       58.6    67.2  Dishes to Shaman
  8    $0008   1       47.7    54.7  Finds Shaman
  9    $0009   1       67.0    76.8  Nice Feed to Shaman

Total 9 Playlists
