NBA on NBC (c) 1998 Midway - TIMK : Sal Divita (03/16/99 00:42:09) page 1

PLBUILD version 3.0G

Bank Information
----------------

Bank name: SC_SDIVI.BNK

Size of .BNK file including header: 31938 bytes ($7CC2 bytes)

Size of playlist table: 40 bytes ($28 bytes)

Size of playlist and sound data only: 31764 bytes ($7C14 bytes)

Checksum: $5719

Total number of playlists: 9 ($9)

Total number of sound files: 9 ($9)

Average bit rate for bank: 29.9 kbits/sec

Total linear amount of sound: 0:08.463 (min:sec.msec)



Playlist Table

  Dec  Hex   # Trks  Video  Pinball  Description
  ---- ----- ------ ------- -------  -----------
  1    $0001   1       65.3    74.9  Sal Divita
  2    $0002   1       32.6    37.4  Divita A
  3    $0003   1       57.3    65.8  Divita B
  4    $0004   1       43.5    49.9  Divita C
  5    $0005   1       34.7    39.8  To Divita 
  6    $0006   1       56.1    64.3  Hands off to Divita 
  7    $0007   1       56.5    64.8  Dishes to Divita 
  8    $0008   1       46.0    52.8  Finds Divita 
  9    $0009   1       69.5    79.7  Nice Feed to Divita 

Total 9 Playlists
