NBA on NBC (c) 1998 Midway - TIMK : Shawn Liptak (03/16/99 00:42:09) page 1

PLBUILD version 3.0G

Bank Information
----------------

Bank name: SC_SLIPT.BNK

Size of .BNK file including header: 29296 bytes ($7270 bytes)

Size of playlist table: 40 bytes ($28 bytes)

Size of playlist and sound data only: 29122 bytes ($71C2 bytes)

Checksum: $7B0D

Total number of playlists: 9 ($9)

Total number of sound files: 9 ($9)

Average bit rate for bank: 25.5 kbits/sec

Total linear amount of sound: 0:09.093 (min:sec.msec)



Playlist Table

  Dec  Hex   # Trks  Video  Pinball  Description
  ---- ----- ------ ------- -------  -----------
  1    $0001   1       68.6    78.7  Shawn Liptak
  2    $0002   1       35.2    40.3  Liptak A
  3    $0003   1       60.7    69.6  Liptak B
  4    $0004   1       42.7    49.0  Liptak C
  5    $0005   1       36.0    41.3  To Liptak 
  6    $0006   1       61.1    70.1  Hands off to Liptak 
  7    $0007   1       62.8    72.0  Dishes to Liptak 
  8    $0008   1       46.9    53.8  Finds Liptak 
  9    $0009   1       82.0    94.1  Nice Feed to Liptak

Total 9 Playlists
