NBA on NBC (c) 1998 Midway - TIMK : Sly  (03/24/99 03:07:34) page 1

PLBUILD version 3.0G

Bank Information
----------------

Bank name: SC_SLY.BNK

Size of .BNK file including header: 38142 bytes ($94FE bytes)

Size of playlist table: 40 bytes ($28 bytes)

Size of playlist and sound data only: 37968 bytes ($9450 bytes)

Checksum: $EE35

Total number of playlists: 9 ($9)

Total number of sound files: 9 ($9)

Average bit rate for bank: 30.9 kbits/sec

Total linear amount of sound: 0:09.800 (min:sec.msec)



Playlist Table

  Dec  Hex   # Trks  Video  Pinball  Description
  ---- ----- ------ ------- -------  -----------
  1    $0001   1      101.7   116.6  Sly the Coyote
  2    $0002   1       33.9    38.9  Sly A
  3    $0003   1       59.9    68.6  Sly B
  4    $0004   1       42.3    48.5  Sly C
  5    $0005   1       39.3    45.1  To Sly
  6    $0006   1       63.6    73.0  Hands Off to Sly
  7    $0007   1       61.9    71.0  Dishes to Sly
  8    $0008   1       55.2    63.4  Finds Sly
  9    $0009   1       76.2    87.4  Nice Feed to Sly

Total 9 Playlists
