NBA on NBC (c) 1998 Midway - TIMK : Shoop  (03/23/99 02:03:31) page 1

PLBUILD version 3.0G

Bank Information
----------------

Bank name: SC_SHOOP.BNK

Size of .BNK file including header: 25214 bytes ($627E bytes)

Size of playlist table: 40 bytes ($28 bytes)

Size of playlist and sound data only: 25040 bytes ($61D0 bytes)

Checksum: $1AB1

Total number of playlists: 9 ($9)

Total number of sound files: 9 ($9)

Average bit rate for bank: 28.5 kbits/sec

Total linear amount of sound: 0:06.973 (min:sec.msec)



Playlist Table

  Dec  Hex   # Trks  Video  Pinball  Description
  ---- ----- ------ ------- -------  -----------
  1    $0001   1       26.8    30.7  Shoop 
  2    $0002   1       31.0    35.5  Shoop A
  3    $0003   1       52.7    60.5  Shoop B
  4    $0004   1       25.1    28.8  Shoop C
  5    $0005   1       33.5    38.4  To Shoop
  6    $0006   1       57.8    66.2  Hands Off to Shoop
  7    $0007   1       54.8    62.9  Dishes to Shoop
  8    $0008   1       41.9    48.0  Finds Shoop
  9    $0009   1       56.9    65.3  Nice Feed to Shoop

Total 9 Playlists
