NBA on NBC (c) 1998 Midway - TIMK : Tim Moran (03/22/99 01:58:36) page 1

PLBUILD version 3.0G

Bank Information
----------------

Bank name: SC_TMORA.BNK

Size of .BNK file including header: 32888 bytes ($8078 bytes)

Size of playlist table: 40 bytes ($28 bytes)

Size of playlist and sound data only: 32714 bytes ($7FCA bytes)

Checksum: $C1C5

Total number of playlists: 9 ($9)

Total number of sound files: 9 ($9)

Average bit rate for bank: 27.7 kbits/sec

Total linear amount of sound: 0:09.408 (min:sec.msec)



Playlist Table

  Dec  Hex   # Trks  Video  Pinball  Description
  ---- ----- ------ ------- -------  -----------
  1    $0001   1       65.3    74.9  Tim Moran
  2    $0002   1       34.3    39.4  Moran A
  3    $0003   1       61.1    70.1  Moran B
  4    $0004   1       51.1    58.6  Moran C
  5    $0005   1       37.3    42.7  To Moran 
  6    $0006   1       62.8    72.0  Hands off to Moran 
  7    $0007   1       67.8    77.8  Dishes to Moran 
  8    $0008   1       51.5    59.0  Finds Moran 
  9    $0009   1       81.6    93.6  Nice Feed to Moran 

Total 9 Playlists
