NBA on NBC (c) 1998 Midway - TIMK : T-Zone  (03/23/99 02:03:33) page 1

PLBUILD version 3.0G

Bank Information
----------------

Bank name: SC_TZONE.BNK

Size of .BNK file including header: 33732 bytes ($83C4 bytes)

Size of playlist table: 40 bytes ($28 bytes)

Size of playlist and sound data only: 33558 bytes ($8316 bytes)

Checksum: $6740

Total number of playlists: 9 ($9)

Total number of sound files: 9 ($9)

Average bit rate for bank: 29.3 kbits/sec

Total linear amount of sound: 0:09.124 (min:sec.msec)



Playlist Table

  Dec  Hex   # Trks  Video  Pinball  Description
  ---- ----- ------ ------- -------  -----------
  1    $0001   1       52.3    60.0  T-Zone 
  2    $0002   1       41.0    47.0  T-Zone A
  3    $0003   1       54.8    62.9  T-Zone B
  4    $0004   1       43.9    50.4  T-Zone C
  5    $0005   1       41.9    48.0  To T-Zone
  6    $0006   1       67.4    77.3  Hands Off to T-Zone
  7    $0007   1       67.0    76.8  Dishes to T-Zone
  8    $0008   1       52.3    60.0  Finds T-Zone
  9    $0009   1       77.0    88.3  Nice Feed to T-Zone

Total 9 Playlists
