NBA on NBC (c) 1998 Midway - TIMK : Tim Bryant (03/16/99 00:42:10) page 1

PLBUILD version 3.0G

Bank Information
----------------

Bank name: SC_TBRYA.BNK

Size of .BNK file including header: 28990 bytes ($713E bytes)

Size of playlist table: 40 bytes ($28 bytes)

Size of playlist and sound data only: 28816 bytes ($7090 bytes)

Checksum: $45B4

Total number of playlists: 9 ($9)

Total number of sound files: 9 ($9)

Average bit rate for bank: 28.2 kbits/sec

Total linear amount of sound: 0:08.125 (min:sec.msec)



Playlist Table

  Dec  Hex   # Trks  Video  Pinball  Description
  ---- ----- ------ ------- -------  -----------
  1    $0001   1       62.4    71.5  Tim Bryant
  2    $0002   1       28.0    32.2  Bryant A
  3    $0003   1       59.4    68.2  Bryant B
  4    $0004   1       34.7    39.8  Bryant C
  5    $0005   1       31.4    36.0  To Bryant 
  6    $0006   1       58.2    66.7  Hands off to Bryant 
  7    $0007   1       49.0    56.2  Dishes to Bryant 
  8    $0008   1       49.8    57.1  Finds Bryant 
  9    $0009   1       70.3    80.6  Nice Feed to Bryant

Total 9 Playlists
