NBA on NBC (c) 1998 Midway - TIMK : Toolman  (03/23/99 02:03:32) page 1

PLBUILD version 3.0G

Bank Information
----------------

Bank name: SC_TOOLM.BNK

Size of .BNK file including header: 34712 bytes ($8798 bytes)

Size of playlist table: 40 bytes ($28 bytes)

Size of playlist and sound data only: 34538 bytes ($86EA bytes)

Checksum: $DC08

Total number of playlists: 9 ($9)

Total number of sound files: 9 ($9)

Average bit rate for bank: 29.4 kbits/sec

Total linear amount of sound: 0:09.339 (min:sec.msec)



Playlist Table

  Dec  Hex   # Trks  Video  Pinball  Description
  ---- ----- ------ ------- -------  -----------
  1    $0001   1       49.0    56.2  Toolman 
  2    $0002   1       39.8    45.6  Toolman A
  3    $0003   1       64.5    73.9  Toolman B
  4    $0004   1       49.4    56.6  Toolman C
  5    $0005   1       41.4    47.5  To Toolman
  6    $0006   1       65.3    74.9  Hands Off to Toolman
  7    $0007   1       67.4    77.3  Dishes to Toolman
  8    $0008   1       54.0    61.9  Finds Toolman
  9    $0009   1       78.7    90.2  Nice Feed to Toolman

Total 9 Playlists
