NBA on NBC (c) 1998 Midway - TIMK : Twilight  (03/23/99 02:03:33) page 1

PLBUILD version 3.0G

Bank Information
----------------

Bank name: SC_TWILI.BNK

Size of .BNK file including header: 30074 bytes ($757A bytes)

Size of playlist table: 40 bytes ($28 bytes)

Size of playlist and sound data only: 29900 bytes ($74CC bytes)

Checksum: $BD88

Total number of playlists: 9 ($9)

Total number of sound files: 9 ($9)

Average bit rate for bank: 28.7 kbits/sec

Total linear amount of sound: 0:08.294 (min:sec.msec)



Playlist Table

  Dec  Hex   # Trks  Video  Pinball  Description
  ---- ----- ------ ------- -------  -----------
  1    $0001   1       37.7    43.2  Twilight 
  2    $0002   1       35.6    40.8  Twilight A
  3    $0003   1       61.5    70.6  Twilight B
  4    $0004   1       36.8    42.2  Twilight C
  5    $0005   1       41.9    48.0  To Twilight
  6    $0006   1       58.2    66.7  Hands Off to Twilight
  7    $0007   1       66.1    75.8  Dishes to Twilight
  8    $0008   1       47.7    54.7  Finds Twilight
  9    $0009   1       67.8    77.8  Nice Feed to Twilight

Total 9 Playlists
