NBA on NBC (c) 1998 Midway - TIMK : Tim Kitzrow (03/16/99 00:42:10) page 1

PLBUILD version 3.0G

Bank Information
----------------

Bank name: SC_TKIZR.BNK

Size of .BNK file including header: 32372 bytes ($7E74 bytes)

Size of playlist table: 40 bytes ($28 bytes)

Size of playlist and sound data only: 32198 bytes ($7DC6 bytes)

Checksum: $9A65

Total number of playlists: 9 ($9)

Total number of sound files: 9 ($9)

Average bit rate for bank: 27.4 kbits/sec

Total linear amount of sound: 0:09.339 (min:sec.msec)



Playlist Table

  Dec  Hex   # Trks  Video  Pinball  Description
  ---- ----- ------ ------- -------  -----------
  1    $0001   1       70.3    80.6  Tim Kitzrow
  2    $0002   1       36.4    41.8  Kitzrow A
  3    $0003   1       62.4    71.5  Kitzrow B
  4    $0004   1       48.6    55.7  Kitzrow C
  5    $0005   1       40.2    46.1  To Kitzrow 
  6    $0006   1       59.0    67.7  Hands off to Kitzrow 
  7    $0007   1       66.1    75.8  Dishes to Kitzrow 
  8    $0008   1       49.0    56.2  Finds Kitzrow 
  9    $0009   1       77.0    88.3  Nice Feed to Kitzrow

Total 9 Playlists
