NBA on NBC (c) 1998 Midway - TIMK : U-Tee-B  (03/23/99 02:03:34) page 1

PLBUILD version 3.0G

Bank Information
----------------

Bank name: SC_UTEEB.BNK

Size of .BNK file including header: 39956 bytes ($9C14 bytes)

Size of playlist table: 40 bytes ($28 bytes)

Size of playlist and sound data only: 39782 bytes ($9B66 bytes)

Checksum: $350A

Total number of playlists: 9 ($9)

Total number of sound files: 9 ($9)

Average bit rate for bank: 29.0 kbits/sec

Total linear amount of sound: 0:10.944 (min:sec.msec)



Playlist Table

  Dec  Hex   # Trks  Video  Pinball  Description
  ---- ----- ------ ------- -------  -----------
  1    $0001   1       68.2    78.2  U-Tee-B 
  2    $0002   1       48.6    55.7  U-Tee-B A
  3    $0003   1       65.3    74.9  U-Tee-B B
  4    $0004   1       55.7    63.8  U-Tee-B C
  5    $0005   1       49.0    56.2  To U-Tee-B
  6    $0006   1       79.1    90.7  Hands Off to U-Tee-B
  7    $0007   1       76.2    87.4  Dishes to U-Tee-B
  8    $0008   1       64.0    73.4  Finds U-Tee-B
  9    $0009   1       90.4   103.7  Nice Feed to U-Tee-B

Total 9 Playlists
