NBA on NBC (c) 1998 Midway - TIMK : The Bear (Utah (03/24/99 03:07:32) page 1

PLBUILD version 3.0G

Bank Information
----------------

Bank name: SC_UBEAR.BNK

Size of .BNK file including header: 35690 bytes ($8B6A bytes)

Size of playlist table: 40 bytes ($28 bytes)

Size of playlist and sound data only: 35516 bytes ($8ABC bytes)

Checksum: $D99D

Total number of playlists: 9 ($9)

Total number of sound files: 9 ($9)

Average bit rate for bank: 29.1 kbits/sec

Total linear amount of sound: 0:09.723 (min:sec.msec)



Playlist Table

  Dec  Hex   # Trks  Video  Pinball  Description
  ---- ----- ------ ------- -------  -----------
  1    $0001   1      101.7   116.6  The Utah Bear
  2    $0002   1       36.0    41.3  The Bear A
  3    $0003   1       63.6    73.0  The Bear B
  4    $0004   1       46.5    53.3  The Bear C
  5    $0005   1       41.9    48.0  To The Bear
  6    $0006   1       57.8    66.2  Hands Off to The Bear
  7    $0007   1       56.9    65.3  Dishes to The Bear
  8    $0008   1       48.6    55.7  Finds The Bear
  9    $0009   1       77.0    88.3  Nice Feed to The Bear

Total 9 Playlists
