NBA on NBC (c) 1998 Midway - TIMK : Valkyrie  (03/23/99 02:03:35) page 1

PLBUILD version 3.0G

Bank Information
----------------

Bank name: SC_VALKY.BNK

Size of .BNK file including header: 32880 bytes ($8070 bytes)

Size of playlist table: 40 bytes ($28 bytes)

Size of playlist and sound data only: 32706 bytes ($7FC2 bytes)

Checksum: $6730

Total number of playlists: 9 ($9)

Total number of sound files: 9 ($9)

Average bit rate for bank: 27.8 kbits/sec

Total linear amount of sound: 0:09.377 (min:sec.msec)



Playlist Table

  Dec  Hex   # Trks  Video  Pinball  Description
  ---- ----- ------ ------- -------  -----------
  1    $0001   1       52.3    60.0  Valkyrie 
  2    $0002   1       40.2    46.1  Valkyrie A
  3    $0003   1       68.6    78.7  Valkyrie B
  4    $0004   1       46.9    53.8  Valkyrie C
  5    $0005   1       42.7    49.0  To Valkyrie
  6    $0006   1       67.4    77.3  Hands Off to Valkyrie
  7    $0007   1       61.9    71.0  Dishes to Valkyrie
  8    $0008   1       57.8    66.2  Finds Valkyrie
  9    $0009   1       73.7    84.5  Nice Feed to Valkyrie

Total 9 Playlists
