NBA on NBC (c) 1998 Midway - TIMK : Willie Morris (03/16/99 00:42:11) page 1

PLBUILD version 3.0G

Bank Information
----------------

Bank name: SC_WMORR.BNK

Size of .BNK file including header: 31008 bytes ($7920 bytes)

Size of playlist table: 40 bytes ($28 bytes)

Size of playlist and sound data only: 30834 bytes ($7872 bytes)

Checksum: $C379

Total number of playlists: 9 ($9)

Total number of sound files: 9 ($9)

Average bit rate for bank: 27.1 kbits/sec

Total linear amount of sound: 0:09.047 (min:sec.msec)



Playlist Table

  Dec  Hex   # Trks  Video  Pinball  Description
  ---- ----- ------ ------- -------  -----------
  1    $0001   1       66.1    75.8  Willie Morris
  2    $0002   1       40.2    46.1  Morris A
  3    $0003   1       76.2    87.4  Morris B
  4    $0004   1       40.2    46.1  Morris C
  5    $0005   1       36.8    42.2  To Morris 
  6    $0006   1       59.9    68.6  Hands off to Morris 
  7    $0007   1       50.6    58.1  Dishes to Morris 
  8    $0008   1       49.0    56.2  Finds Morris 
  9    $0009   1       74.9    85.9  Nice Feed to Morris

Total 9 Playlists
