NBA on NBC (c) 1998 Midway - TIMK : Wizard  (03/15/99 14:41:06) page 1

PLBUILD version 3.0G

Bank Information
----------------

Bank name: SC_WIZRD.BNK

Size of .BNK file including header: 30506 bytes ($772A bytes)

Size of playlist table: 40 bytes ($28 bytes)

Size of playlist and sound data only: 30332 bytes ($767C bytes)

Checksum: $4FFE

Total number of playlists: 9 ($9)

Total number of sound files: 9 ($9)

Average bit rate for bank: 29.1 kbits/sec

Total linear amount of sound: 0:08.302 (min:sec.msec)



Playlist Table

  Dec  Hex   # Trks  Video  Pinball  Description
  ---- ----- ------ ------- -------  -----------
  1    $0001   1       47.7    54.7  Wizard 
  2    $0002   1       33.5    38.4  Wizard A
  3    $0003   1       56.9    65.3  Wizard B
  4    $0004   1       41.9    48.0  Wizard C
  5    $0005   1       37.7    43.2  To Wizard
  6    $0006   1       61.9    71.0  Hands Off to Wizard
  7    $0007   1       68.2    78.2  Dishes to Wizard
  8    $0008   1       46.5    53.3  Finds Wizard
  9    $0009   1       58.6    67.2  Nice Feed to Wizard

Total 9 Playlists
