NBA on NBC (c) 1998 Midway - TIMK : The Wizz  (03/23/99 02:03:35) page 1

PLBUILD version 3.0G

Bank Information
----------------

Bank name: SC_WIZZ.BNK

Size of .BNK file including header: 32898 bytes ($8082 bytes)

Size of playlist table: 40 bytes ($28 bytes)

Size of playlist and sound data only: 32724 bytes ($7FD4 bytes)

Checksum: $6E90

Total number of playlists: 9 ($9)

Total number of sound files: 9 ($9)

Average bit rate for bank: 28.9 kbits/sec

Total linear amount of sound: 0:09.001 (min:sec.msec)



Playlist Table

  Dec  Hex   # Trks  Video  Pinball  Description
  ---- ----- ------ ------- -------  -----------
  1    $0001   1       47.3    54.2  The Wizz 
  2    $0002   1       36.0    41.3  The Wizz A
  3    $0003   1       63.2    72.5  The Wizz B
  4    $0004   1       43.1    49.4  The Wizz C
  5    $0005   1       40.2    46.1  To The Wizz
  6    $0006   1       62.8    72.0  Hands Off to The Wizz
  7    $0007   1       66.6    76.3  Dishes to The Wizz
  8    $0008   1       51.9    59.5  Finds The Wizz
  9    $0009   1       79.5    91.2  Nice Feed to The Wizz

Total 9 Playlists
