NBA on NBC (c) 1998 Midway - TIMK : Zephyr  (03/23/99 02:03:36) page 1

PLBUILD version 3.0G

Bank Information
----------------

Bank name: SC_ZEPHY.BNK

Size of .BNK file including header: 27518 bytes ($6B7E bytes)

Size of playlist table: 40 bytes ($28 bytes)

Size of playlist and sound data only: 27344 bytes ($6AD0 bytes)

Checksum: $94CB

Total number of playlists: 9 ($9)

Total number of sound files: 9 ($9)

Average bit rate for bank: 26.2 kbits/sec

Total linear amount of sound: 0:08.302 (min:sec.msec)



Playlist Table

  Dec  Hex   # Trks  Video  Pinball  Description
  ---- ----- ------ ------- -------  -----------
  1    $0001   1       42.7    49.0  Zephyr 
  2    $0002   1       34.7    39.8  Zephyr A
  3    $0003   1       66.1    75.8  Zephyr B
  4    $0004   1       39.8    45.6  Zephyr C
  5    $0005   1       36.8    42.2  To Zephyr
  6    $0006   1       61.9    71.0  Hands Off to Zephyr
  7    $0007   1       57.8    66.2  Dishes to Zephyr
  8    $0008   1       49.0    56.2  Finds Zephyr
  9    $0009   1       64.5    73.9  Nice Feed to Zephyr

Total 9 Playlists
