NBAonNBC - Sounds Screen effects (02/26/99 17:01:58) page 1

PLBUILD version 3.0G

Bank Information
----------------

Bank name: SCREENS1.BNK

Size of .BNK file including header: 145286 bytes ($23786 bytes)

Size of playlist table: 80 bytes ($50 bytes)

Size of playlist and sound data only: 145072 bytes ($236B0 bytes)

Checksum: $3C11

Total number of playlists: 19 ($13)

Total number of sound files: 15 ($F)

Average bit rate for bank: 56.0 kbits/sec

Total linear amount of sound: 0:20.659 (min:sec.msec)



Playlist Table

  Dec  Hex   # Trks  Video  Pinball  Description
  ---- ----- ------ ------- -------  -----------
  1    $0001   2      217.2   249.1  Longer version of Blue NBC Logo (2ch)
  2    $0002   2      137.3   157.4  NBC 3rd screen effect (2ch)
  3    $0003   2       93.3   107.0  NBC 4th screen effect (2ch)
  4    $0004   2      220.2   252.5  NBC Titlecard full (2ch)
  5    $0005   2       77.0    88.3  NBC titlecard end only (2ch)
  6    $0006   2       55.7    63.8  Crunchy EXPLOSION (2ch)
  7    $0007   1       60.7    69.6  Metal Clunk 1 (screen closed anim ended)
  8    $0008   1       39.8    45.6  Metal Clunk 2 (screen closed anim ended)
  9    $0009   1       56.5    64.8  Metal Clunk 3 (screen closed anim ended)
  10   $000a   1      108.8   124.8  Metal Clunk 4 (screen closed anim ended)
  11   $000b   2       12.1    13.9  Screen Swoosh 1 (2ch)
  12   $000c   2       43.1    49.4  Screen Swoosh 2 (2ch)
  13   $000d   2       25.5    29.3  Screen Swoosh 3 (2ch)
  14   $000e   2       37.7    43.2  Screen Swoosh 4 (2ch)
  15   $000f   2       19.3    22.1  Screen Swoosh 5 (2ch)
  16   $0010   2       60.7    69.6  Metal Clunk 1 2-CHANNEL vers
  17   $0011   2       39.8    45.6  Metal Clunk 2 2-CHANNEL vers
  18   $0012   2       56.5    64.8  Metal Clunk3 2-CHANNEL vers
  19   $0013   2      108.8   124.8  Metal Clunk4  2-CHANNEL vers

Total 19 Playlists
 
NBAonNBC - Sounds Screen effects (02/26/99 17:01:58) page 2


Region Table 

File         Size      Length   Length    Bitrate   Compression
Name         bytes     frames   seconds   kbit/sec  Parameters
-----------  --------  -------  --------  --------  -----------
CRUNCHI1         3696      133  0:01.021     28.95  HENRY -v6.50 -vb95 -vi7 -vr79 
METCLNK1         3994      145  0:01.114     28.69  HENRY -v6.50 -vb95 -vi7 -vr79 
METCLNK2         3882       95  0:00.730     42.57  HENRY -v6.50 -vb95 -vi7 -vr79 
METCLNK3         4678      135  0:01.037     36.10  HENRY -v6.50 -vb95 -vi7 -vr79 
METCLNK4         4992      259  0:01.989     20.08  HENRY -v6.50 -vb95 -vi7 -vr79 
SWOOSH01         1368       29  0:00.223     49.14  HENRY -v5.50 -vb95 -vi7 -vr79 
SWOOSRO2         3036       61  0:00.468     51.84  HENRY -v5.50 -vb95 -vi7 -vr79 
SWOOSRO3         2976       90  0:00.691     34.44  HENRY -v5.50 -vb95 -vi7 -vr79 
SWOOSRO4         3116       46  0:00.353     70.56  HENRY -v5.50 -vb95 -vi7 -vr79 
SWOOSROL         2974      103  0:00.791     30.08  HENRY -v5.50 -vb95 -vi7 -vr79 
TEAMTR3L        28116      328  0:02.519     89.29  HENRY -v4.25 -vb111 -vi7 -vr79 
TEAMTR4L         9432      222  0:01.705     44.26  HENRY -v4.25 -vb111 -vi7 -vr79 
TEAMTRN2        32100      519  0:03.986     64.43  HENRY -v4.25 -vb111 -vi7 -vr79 
TITLCRDA        25954      342  0:02.627     79.05  HENRY -v4.25 -vb111 -vi7 -vr79 
TITLCRDB        14204      183  0:01.405     80.85  HENRY -v4.25 -vb111 -vi7 -vr79 
 
NBAonNBC - Sounds Screen effects (02/26/99 17:01:58) page 3


Summary

Total Average Bitrate:  56.0 kbits/sec
Total Time:             0:20.659 minutes
Total Number of .CMP's: 15
Total Size of .CMP's:   141.13 kbytes
