NBA on NBC (c) 1998 Midway - Player (Rob) Speech (08/25/98 18:21:26) page 1

PLBUILD version 3.0G

Bank Information
----------------

Bank name: SP_PLAYR.BNK

Size of .BNK file including header: 431880 bytes ($69708 bytes)

Size of playlist table: 388 bytes ($184 bytes)

Size of playlist and sound data only: 431358 bytes ($694FE bytes)

Checksum: $17A3

Total number of playlists: 96 ($60)

Total number of sound files: 96 ($60)

Average bit rate for bank: 31.8 kbits/sec

Total linear amount of sound: 1:47.981 (min:sec.msec)



Playlist Table

  Dec  Hex   # Trks  Video  Pinball  Description
  ---- ----- ------ ------- -------  -----------
  1    $0001   1       89.6   102.7  Rob Laugh #1
  2    $0002   1      159.5   182.9  Rob Laugh #2
  3    $0003   1       36.4    41.8  Rob Oooh!
  4    $0004   1       39.3    45.1  Rob Ohh!
  5    $0005   1       90.8   104.2  Rob Yeah that's right - yeah
  6    $0006   1       56.1    64.3  Alright man - Alright
  7    $0007   1       36.4    41.8  Yeah I got him
  8    $0008   1       89.2   102.2  D him up man stay on him x2 (fixed)
  9    $0009   1       38.1    43.7  Watch your back 
  10   $000a   1       38.5    44.2  Be alert
  11   $000b   1       83.7    96.0  Pass it around hit the open man
  12   $000c   1       56.9    65.3  Keep your eyes open 
  13   $000d   1       50.6    58.1  I'm the bomb #1
  14   $000e   1       55.7    63.8  I'm the bomb #2
  15   $000f   1       55.2    63.4  Whoooew!
  16   $0010   1      142.3   163.2  Rob Laugh #3
  17   $0011   1       36.8    42.2  Whoo
  18   $0012   1      103.4   118.6  Hoopers don't dance - we boogie
  19   $0013   1       66.6    76.3  You don't feel me though
  20   $0014   1       65.7    75.4  I'm bustin' you out
  21   $0015   1       65.3    74.9  Back up off me man #2
  22   $0016   1       28.0    32.2  Yeah1
  23   $0017   1       29.7    34.1  Yeah2
  24   $0018   1       36.0    41.3  Yeah3
  25   $0019   1       25.1    28.8  What?1
  26   $001a   1       40.6    46.6  What?2
  27   $001b   1      113.0   129.6  Damnnnn!
  28   $001c   1       59.9    68.6  You don't feel me1
  29   $001d   1       54.8    62.9  You don't feel me2
 
NBA on NBC (c) 1998 Midway - Player (Rob) Speech (08/25/98 18:21:26) page 2


Playlist Table (continued)

  Dec  Hex   # Trks  Video  Pinball  Description
  ---- ----- ------ ------- -------  -----------
  30   $001e   1       36.4    41.8  Did I get him?1
  31   $001f   1       48.6    55.7  Did I get him?2
  32   $0020   1       47.7    54.7  I'm the baddest
  33   $0021   1       50.2    57.6  I'm the greatest
  34   $0022   1       79.9    91.7  Ain't nobody as good as me
  35   $0023   1       63.2    72.5  You don't want none !
  36   $0024   1       52.3    60.0  That's all night #1
  37   $0025   1       52.7    60.5  Pass the rock !
  38   $0026   1       99.6   114.2  I'm rockin' and I'm hip-hoppin'
  39   $0027   1       74.5    85.4  I'm bustin' you out man
  40   $0028   1       61.5    70.6  I'm bustin' you out!
  41   $0029   1       36.0    41.3  What's up man?1
  42   $002a   1       40.6    46.6  What's up man?2
  43   $002b   1       33.9    38.9  What's up man?3
  44   $002c   1       20.5    23.5  1st What's up (no man)
  45   $002d   1       74.5    85.4  You better recognize #2
  46   $002e   1       84.1    96.5  You better ask somebody
  47   $002f   1       62.8    72.0  I can't be stopped #2
  48   $0030   1       56.5    64.8  Your too slow for me
  49   $0031   1       82.0    94.1  You better go hold somebody else
  50   $0032   1       64.9    74.4  You don't want none!
  51   $0033   1       61.9    71.0  Don't do that to yourself #2
  52   $0034   1       85.8    98.4  Don't do that to yourself #3
  53   $0035   1       66.1    75.8  Is it embarrasin' ?
  54   $0036   1      107.2   122.9  Tell me how it feels
  55   $0037   1       62.8    72.0  I can't be stopped
  56   $0038   1       61.1    70.1  I'm too strong for you
  57   $0039   1       33.1    37.9  Little Man
  58   $003a   1       21.8    25.0  Watch out - (chump)
  59   $003b   1       28.5    32.6  chump!
  60   $003c   1      120.1   137.8  Rob Laugh #4
  61   $003d   1       71.2    81.6  Quit shootin' so much
  62   $003e   1       82.5    94.6  Keep movin' y'all keep movin'
  63   $003f   1       49.0    56.2  We need a bucket here
  64   $0040   1       76.2    87.4  Take him baby - take him!
  65   $0041   1       92.9   106.6  Show him that you got skills
  66   $0042   1       46.9    53.8  Ungh!
  67   $0043   1       47.7    54.7  Ahhh!
  68   $0044   1       94.2   108.0  Ahhhhhhh!
  69   $0045   1       67.0    76.8  Yeah!!
  70   $0046   1       75.8    86.9  Ow-unh!
  71   $0047   1       20.1    23.0  Hunh #1 (lunge or shoot)
  72   $0048   1       20.9    24.0  Hunh #2 (lunge or shoot)
  73   $0049   1       69.9    80.2  I'm bustin' you down #2
  74   $004a   1       57.3    65.8  I own you #2
  75   $004b   1       85.8    98.4  Your game is WEAK!
  76   $004c   1       78.7    90.2  Get that smack out of here!
  77   $004d   1       84.1    96.5  Ya gotta come harder than that baby
  78   $004e   1       61.9    71.0  You got come harder than that - (chump)
  79   $004f   1       23.9    27.4  Chump
  80   $0050   1      142.3   163.2  I'm bustin' you down #3 x2
  81   $0051   1      111.8   128.2  Ooh I shook his drawers
 
NBA on NBC (c) 1998 Midway - Player (Rob) Speech (08/25/98 18:21:26) page 3


Playlist Table (continued)

  Dec  Hex   # Trks  Video  Pinball  Description
  ---- ----- ------ ------- -------  -----------
  82   $0052   1      104.2   119.5  I'm D-ing you up baby x2
  83   $0053   1       99.6   114.2  Funky fresh in the flesh baby
  84   $0054   1       30.1    34.6  Ugh   1 
  85   $0055   1       37.3    42.7  Oo-Oh 2 
  86   $0056   1       42.7    49.0  Huh   3
  87   $0057   1       34.3    39.4  Ugh   4
  88   $0058   1       41.0    47.0  Ugh   5
  89   $0059   1       29.3    33.6  Mmhh  6
  90   $005a   1       39.3    45.1  Mmff  7
  91   $005b   1       42.3    48.5  Umph  8
  92   $005c   1       21.8    25.0  Oh    9
  93   $005d   1       41.4    47.5  Aih   10
  94   $005e   1       49.0    56.2  Argh  11
  95   $005f   1       49.0    56.2  Mmmm  12
  96   $0060   1       51.9    59.5  Umho  13

Total 96 Playlists
