NBA on NBC (c) 1998 Midway - ANNOUNCER - LA LAKERS (02/16/99 18:25:32) page 1

PLBUILD version 3.0G

Bank Information
----------------

Bank name: TM_LLAKE.BNK

Size of .BNK file including header: 44460 bytes ($ADAC bytes)

Size of playlist table: 32 bytes ($20 bytes)

Size of playlist and sound data only: 44294 bytes ($AD06 bytes)

Checksum: $7FF3

Total number of playlists: 7 ($7)

Total number of sound files: 7 ($7)

Average bit rate for bank: 28.7 kbits/sec

Total linear amount of sound: 0:12.311 (min:sec.msec)



Playlist Table

  Dec  Hex   # Trks  Video  Pinball  Description
  ---- ----- ------ ------- -------  -----------
  1    $0001   1      105.1   120.5  The Los Angeles Lakers 1 (first)
  2    $0002   1       89.2   102.2  The Los Angeles Lakers 2 (last)
  3    $0003   1      100.9   115.7  Los Angeles by one
  4    $0004   1       85.8    98.4  The Lakers lead is two
  5    $0005   1      107.6   123.4  Los Angeles up by three
  6    $0006   1      153.2   175.7  The Los Angeles Lakers have won the game
  7    $0007   1      119.3   136.8  The Los Angeles Lakers have defeated _

Total 7 Playlists
