NBA on NBC (c) 1998 Midway - ANNOUNCER - MIDWAY AL (04/20/99 18:17:50) page 1

PLBUILD version 3.0G

Bank Information
----------------

Bank name: TM_MIDWA.BNK

Size of .BNK file including header: 43176 bytes ($A8A8 bytes)

Size of playlist table: 32 bytes ($20 bytes)

Size of playlist and sound data only: 43010 bytes ($A802 bytes)

Checksum: $24BF

Total number of playlists: 7 ($7)

Total number of sound files: 7 ($7)

Average bit rate for bank: 27.4 kbits/sec

Total linear amount of sound: 0:12.526 (min:sec.msec)



Playlist Table

  Dec  Hex   # Trks  Video  Pinball  Description
  ---- ----- ------ ------- -------  -----------
  1    $0001   1       90.4   103.7  The Midway Allstars 1
  2    $0002   1       97.5   111.8  The Midway Allstars 2
  3    $0003   1       71.6    82.1  Midway by a point
  4    $0004   1       88.7   101.8  The Midway lead is two
  5    $0005   1       81.2    93.1  Midway up by three
  6    $0006   1      137.3   157.4  The Midway Allstars have won the game
  7    $0007   1      116.8   133.9  The Midway Allstars have defeated __

Total 7 Playlists
